<?xml version="1.0" encoding="UTF-8"?>
<!-- Generated by org.testng.reporters.JUnitXMLReporter -->
<testsuite ignored="0" hostname="DESKTOP-OB1OE1J" failures="0" tests="5" name="Default test" time="6.513" errors="0" timestamp="2021-08-09T12:02:21 IST">
  <testcase classname="com.nitara.Treatment.AddTreatment" name="addMedicineswithoutDosage" time="0.793"/>
  <testcase classname="com.nitara.Treatment.AddTreatment" name="addTreatment" time="0.825"/>
  <testcase classname="com.nitara.Treatment.AddTreatment" name="addTreatmentFutureDate" time="0.799"/>
  <testcase classname="com.nitara.Treatment.AddTreatment" name="addTreatmentMandatoryField" time="0.393"/>
  <testcase classname="com.nitara.Treatment.AddTreatment" name="followUpAfterRequired" time="1.013"/>
</testsuite> <!-- Default test -->
