<?xml version="1.0" encoding="UTF-8"?>
<!-- Generated by org.testng.reporters.JUnitXMLReporter -->
<testsuite ignored="46" hostname="DESKTOP-T1PK72O" failures="47" tests="142" name="Regression 1" time="147.96" errors="0" timestamp="2021-07-13T20:55:19 IST">
  <testcase classname="com.nitara.MasterData.GetCattleAgeTypeMasterData" name="GetCattleAgeTypeMasterDataInEnglish" time="2.4"/>
  <testcase classname="com.nitara.MasterData.GetCattleTypeMaster" name="GetCattleTypeMasterInEnglish" time="0.291"/>
  <testcase classname="com.nitara.MasterData.GetPdProcessMasterData" name="GetPdProcessMasterDataInEnglish" time="0.268"/>
  <testcase classname="com.nitara.MasterData.GetA1A2TypeMasterData" name="GetAllA1A2TypeMasterDataInEnglish" time="0.255"/>
  <testcase classname="com.nitara.MasterData.GetBreedMasterData" name="GetBreedMasterDataInEnglish" time="0.358"/>
  <testcase classname="com.nitara.MasterData.GetCountryCodeMasterData" name="GetVaccinationTypeMasterDataInEnglish" time="0.325"/>
  <testcase classname="com.nitara.MasterData.GetDewormerMasterData" name="GetDewormerMasterDataInEnglish" time="0.489"/>
  <testcase classname="com.nitara.MasterData.GetExpenseMasterData" name="GetExpenseMasterDataInEnglish" time="0.312"/>
  <testcase classname="com.nitara.MasterData.GetGenderTypeMasterData" name="GetGenderTypeMasterDataInEnglish" time="0.47"/>
  <testcase classname="com.nitara.MasterData.GetGroupMasterData" name="GetGroupTypeMasterDataInEnglish" time="0.244"/>
  <testcase classname="com.nitara.MasterData.GetGroupTypeMasterData" name="GetGroupTypeMasterDataInEnglish" time="0.265"/>
  <testcase classname="com.nitara.MasterData.GetIDProofMasterData" name="GetIDProofMasterDataInEnglish" time="0.324"/>
  <testcase classname="com.nitara.MasterData.GetMilkingSessionMasterData" name="GetMilkingSessionMasterDataInEnglish" time="0.274"/>
  <testcase classname="com.nitara.MasterData.GetSemenBrandMasterData" name="GetSemenBrandMasterDataInEnglish" time="0.334"/>
  <testcase classname="com.nitara.MasterData.GetUnitMasterData" name="GetUnitMasterDataInEnglish" time="0.32"/>
  <testcase classname="com.nitara.MasterData.GetUserRolesMasterData" name="GetUserRolesMasterDataInEnglish" time="0.264"/>
  <testcase classname="com.nitara.MasterData.GetVaccinationTypeMasterData" name="GetVaccinationTypeMasterDataInEnglish" time="0.278"/>
  <testcase classname="com.nitara.MasterData.GetRevenueMasterData" name="GetRevenueMasterDataInEnglish" time="0.319"/>
  <testcase classname="com.nitara.PermissionManagement.GetAllUsersAndRoles" name="getAllUsersAndRoles" time="1.422">
    <failure type="java.lang.NullPointerException" message="Cannot invoke &amp;quot;org.apache.poi.xssf.usermodel.XSSFCell.setCellValue(String)&amp;quot; because the return value of &amp;quot;org.apache.poi.xssf.usermodel.XSSFRow.getCell(int)&amp;quot; is null">
      <![CDATA[java.lang.NullPointerException: Cannot invoke "org.apache.poi.xssf.usermodel.XSSFCell.setCellValue(String)" because the return value of "org.apache.poi.xssf.usermodel.XSSFRow.getCell(int)" is null
at com.nitara.utilities.ExcelUtils.writeStringData(ExcelUtils.java:243)
at com.nitara.PermissionManagement.GetAllUsersAndRoles.getAllUsersAndRoles(GetAllUsersAndRoles.java:67)
at java.base/java.util.ArrayList.forEach(ArrayList.java:1511)
... Removed 27 stack frames]]>
    </failure>
  </testcase> <!-- getAllUsersAndRoles -->
  <testcase classname="com.nitara.UserPreferenceManagement.GetUserMilkingPreferences" name="getMilkingPreferences" time="3.942"/>
  <testcase classname="com.nitara.UserPreferenceManagement.SetUserMilkingPreferences" name="setUserMilkingPreferences" time="0.443"/>
  <testcase classname="com.nitara.UserPreferenceManagement.GetUserInsurancePreferences" name="getUserInsurancePreferences" time="0.35"/>
  <testcase classname="com.nitara.UserPreferenceManagement.SetUserInsurancePreferences" name="setInsurancePreference" time="0.772"/>
  <testcase classname="com.nitara.UserPreferenceManagement.GetUserHealthPreferences" name="getUserHealthPreferences" time="0.334"/>
  <testcase classname="com.nitara.UserPreferenceManagement.SetUserHealthPreferences" name="SetHealthPreferences" time="0.802"/>
  <testcase classname="com.nitara.UserPreferenceManagement.GetUserServicesPreferences" name="getUserServicesPreferences" time="0.353"/>
  <testcase classname="com.nitara.UserPreferenceManagement.SetUserServicesPreferences" name="SetServicesPreferences" time="0.6"/>
  <testcase classname="com.nitara.UserPreferenceManagement.GetUserBreedingPreferences" name="getUserBreedingPreferences" time="0.335"/>
  <testcase classname="com.nitara.UserPreferenceManagement.SetUserBreedingPreferences" name="SetBreedingPreferences" time="0.591"/>
  <testcase classname="com.nitara.UserRegistration.RegisterUser" name="registerUser" time="2.071"/>
  <testcase classname="com.nitara.AccountManagement.RegisterFarm" name="RegisterNewFarmSP" time="0.097">
    <failure type="java.lang.NullPointerException" message="Cannot invoke &amp;quot;org.apache.poi.xssf.usermodel.XSSFRow.getCell(int)&amp;quot; because the return value of &amp;quot;org.apache.poi.xssf.usermodel.XSSFSheet.getRow(int)&amp;quot; is null">
      <![CDATA[java.lang.NullPointerException: Cannot invoke "org.apache.poi.xssf.usermodel.XSSFRow.getCell(int)" because the return value of "org.apache.poi.xssf.usermodel.XSSFSheet.getRow(int)" is null
at com.nitara.utilities.ExcelUtils.readRowField(ExcelUtils.java:318)
at com.nitara.AccountManagement.RegisterFarm.RegisterNewFarmSP(RegisterFarm.java:51)
at java.base/java.util.ArrayList.forEach(ArrayList.java:1511)
... Removed 27 stack frames]]>
    </failure>
  </testcase> <!-- RegisterNewFarmSP -->
  <testcase classname="com.nitara.PermissionManagement.AddNewUser" name="addNewUserDetails" time="0.126">
    <failure type="java.lang.NullPointerException" message="Cannot invoke &amp;quot;org.apache.poi.xssf.usermodel.XSSFRow.getCell(int)&amp;quot; because the return value of &amp;quot;org.apache.poi.xssf.usermodel.XSSFSheet.getRow(int)&amp;quot; is null">
      <![CDATA[java.lang.NullPointerException: Cannot invoke "org.apache.poi.xssf.usermodel.XSSFRow.getCell(int)" because the return value of "org.apache.poi.xssf.usermodel.XSSFSheet.getRow(int)" is null
at com.nitara.utilities.ExcelUtils.readRowField(ExcelUtils.java:318)
at com.nitara.PermissionManagement.AddNewUser.addNewUserDetails(AddNewUser.java:36)
at java.base/java.util.ArrayList.forEach(ArrayList.java:1511)
... Removed 27 stack frames]]>
    </failure>
  </testcase> <!-- addNewUserDetails -->
  <testcase classname="com.nitara.PermissionManagement.GetUserDetails" name="getUserDetails" time="0.325"/>
  <testcase classname="com.nitara.PermissionManagement.UpdateUserDetails" name="updateUserDetails" time="0.04">
    <failure type="java.lang.NullPointerException" message="Cannot invoke &amp;quot;org.apache.poi.xssf.usermodel.XSSFRow.getCell(int)&amp;quot; because the return value of &amp;quot;org.apache.poi.xssf.usermodel.XSSFSheet.getRow(int)&amp;quot; is null">
      <![CDATA[java.lang.NullPointerException: Cannot invoke "org.apache.poi.xssf.usermodel.XSSFRow.getCell(int)" because the return value of "org.apache.poi.xssf.usermodel.XSSFSheet.getRow(int)" is null
at com.nitara.utilities.ExcelUtils.readRowField(ExcelUtils.java:318)
at com.nitara.PermissionManagement.UpdateUserDetails.updateUserDetails(UpdateUserDetails.java:26)
at java.base/java.util.ArrayList.forEach(ArrayList.java:1511)
... Removed 27 stack frames]]>
    </failure>
  </testcase> <!-- updateUserDetails -->
  <testcase classname="com.nitara.PermissionManagement.VerifyUserExists" name="verifyUserExists" time="0.277">
    <failure type="java.lang.AssertionError" message="expected [User Does not exist.] but found [User Exists.]">
      <![CDATA[java.lang.AssertionError: expected [User Does not exist.] but found [User Exists.]
at com.nitara.PermissionManagement.VerifyUserExists.verifyUserExists(VerifyUserExists.java:47)
at java.base/java.util.ArrayList.forEach(ArrayList.java:1511)
... Removed 33 stack frames]]>
    </failure>
  </testcase> <!-- verifyUserExists -->
  <testcase classname="com.nitara.AccountManagement.UpdateUserProfile" name="updateUserProfile" time="0.257"/>
  <testcase classname="com.nitara.UserLogin.LoginWithOtp" name="loginWithOtp" time="0.261">
    <failure type="java.lang.AssertionError" message="expected [User not found in Database. Please go to New User &amp;amp; register your account.] but found [OTP Generated.]">
      <![CDATA[java.lang.AssertionError: expected [User not found in Database. Please go to New User & register your account.] but found [OTP Generated.]
at com.nitara.UserLogin.GenerateOtpForLogin.generateOtpForLogin(GenerateOtpForLogin.java:75)
at com.nitara.UserLogin.LoginWithOtp.loginWithOtp(LoginWithOtp.java:29)
at java.base/java.util.ArrayList.forEach(ArrayList.java:1511)
... Removed 33 stack frames]]>
    </failure>
  </testcase> <!-- loginWithOtp -->
  <testcase classname="com.nitara.UserLogin.GenerateOtpForLogin" name="generateOtpForLogin" time="0.226">
    <failure type="java.lang.AssertionError" message="expected [400] but found [200]">
      <![CDATA[java.lang.AssertionError: expected [400] but found [200]
at com.nitara.UserLogin.GenerateOtpForLogin.generateOtpForLogin(GenerateOtpForLogin.java:42)
at java.base/java.util.ArrayList.forEach(ArrayList.java:1511)
... Removed 33 stack frames]]>
    </failure>
  </testcase> <!-- generateOtpForLogin -->
  <testcase classname="com.nitara.KYCManagement.SubmitKYCDetails" name="submitKYCDetails" time="0.049">
    <failure type="java.lang.NullPointerException" message="Cannot invoke &amp;quot;org.apache.poi.xssf.usermodel.XSSFRow.getCell(int)&amp;quot; because the return value of &amp;quot;org.apache.poi.xssf.usermodel.XSSFSheet.getRow(int)&amp;quot; is null">
      <![CDATA[java.lang.NullPointerException: Cannot invoke "org.apache.poi.xssf.usermodel.XSSFRow.getCell(int)" because the return value of "org.apache.poi.xssf.usermodel.XSSFSheet.getRow(int)" is null
at com.nitara.utilities.ExcelUtils.readRowField(ExcelUtils.java:318)
at com.nitara.KYCManagement.SubmitKYCDetails.submitKYCDetails(SubmitKYCDetails.java:28)
at java.base/java.util.ArrayList.forEach(ArrayList.java:1511)
... Removed 27 stack frames]]>
    </failure>
  </testcase> <!-- submitKYCDetails -->
  <testcase classname="com.nitara.KYCManagement.RejectKYCDetails" name="rejectKYCDetails" time="0.034">
    <failure type="java.lang.NullPointerException" message="Cannot invoke &amp;quot;org.apache.poi.xssf.usermodel.XSSFRow.getCell(int)&amp;quot; because the return value of &amp;quot;org.apache.poi.xssf.usermodel.XSSFSheet.getRow(int)&amp;quot; is null">
      <![CDATA[java.lang.NullPointerException: Cannot invoke "org.apache.poi.xssf.usermodel.XSSFRow.getCell(int)" because the return value of "org.apache.poi.xssf.usermodel.XSSFSheet.getRow(int)" is null
at com.nitara.utilities.ExcelUtils.readRowField(ExcelUtils.java:318)
at com.nitara.KYCManagement.RejectKYCDetails.rejectKYCDetails(RejectKYCDetails.java:25)
at java.base/java.util.ArrayList.forEach(ArrayList.java:1511)
... Removed 27 stack frames]]>
    </failure>
  </testcase> <!-- rejectKYCDetails -->
  <testcase classname="com.nitara.KYCManagement.ApproveKYCDetails" name="approveKYCDetails" time="0.032">
    <failure type="java.lang.NullPointerException" message="Cannot invoke &amp;quot;org.apache.poi.xssf.usermodel.XSSFRow.getCell(int)&amp;quot; because the return value of &amp;quot;org.apache.poi.xssf.usermodel.XSSFSheet.getRow(int)&amp;quot; is null">
      <![CDATA[java.lang.NullPointerException: Cannot invoke "org.apache.poi.xssf.usermodel.XSSFRow.getCell(int)" because the return value of "org.apache.poi.xssf.usermodel.XSSFSheet.getRow(int)" is null
at com.nitara.utilities.ExcelUtils.readRowField(ExcelUtils.java:318)
at com.nitara.KYCManagement.ApproveKYCDetails.approveKYCDetails(ApproveKYCDetails.java:25)
at java.base/java.util.ArrayList.forEach(ArrayList.java:1511)
... Removed 27 stack frames]]>
    </failure>
  </testcase> <!-- approveKYCDetails -->
  <testcase classname="com.nitara.KYCManagement.GetKycVerificationStatus" name="getKycVerificationStatus" time="0.486"/>
  <testcase classname="com.nitara.KYCManagement.GetAllPendingKYCDetails" name="getAllPendingKYCDetails" time="0.617"/>
  <testcase classname="com.nitara.HousingManagement.AddSmartShed" name="addSmartShed" time="0.016">
    <failure type="java.lang.NullPointerException" message="Cannot invoke &amp;quot;org.apache.poi.xssf.usermodel.XSSFCell.getCellType()&amp;quot; because the return value of &amp;quot;org.apache.poi.xssf.usermodel.XSSFRow.getCell(int)&amp;quot; is null">
      <![CDATA[java.lang.NullPointerException: Cannot invoke "org.apache.poi.xssf.usermodel.XSSFCell.getCellType()" because the return value of "org.apache.poi.xssf.usermodel.XSSFRow.getCell(int)" is null
at com.nitara.utilities.ExcelUtils.readRowField(ExcelUtils.java:319)
at com.nitara.HousingManagement.AddSmartShed.addSmartShed(AddSmartShed.java:33)
at java.base/java.util.ArrayList.forEach(ArrayList.java:1511)
... Removed 27 stack frames]]>
    </failure>
  </testcase> <!-- addSmartShed -->
  <testcase classname="com.nitara.HousingManagement.AddSmartGroup" name="addSmartGroup" time="0.012">
    <failure type="java.lang.NullPointerException" message="Cannot invoke &amp;quot;org.apache.poi.xssf.usermodel.XSSFCell.getCellType()&amp;quot; because the return value of &amp;quot;org.apache.poi.xssf.usermodel.XSSFRow.getCell(int)&amp;quot; is null">
      <![CDATA[java.lang.NullPointerException: Cannot invoke "org.apache.poi.xssf.usermodel.XSSFCell.getCellType()" because the return value of "org.apache.poi.xssf.usermodel.XSSFRow.getCell(int)" is null
at com.nitara.utilities.ExcelUtils.readRowField(ExcelUtils.java:319)
at com.nitara.HousingManagement.AddSmartGroup.addSmartGroup(AddSmartGroup.java:31)
at java.base/java.util.ArrayList.forEach(ArrayList.java:1511)
... Removed 27 stack frames]]>
    </failure>
  </testcase> <!-- addSmartGroup -->
  <testcase classname="com.nitara.HousingManagement.AddUserDefinedShed" name="addUserDefinedShed" time="0.014">
    <failure type="java.lang.NullPointerException" message="Cannot invoke &amp;quot;org.apache.poi.xssf.usermodel.XSSFCell.getCellType()&amp;quot; because the return value of &amp;quot;org.apache.poi.xssf.usermodel.XSSFRow.getCell(int)&amp;quot; is null">
      <![CDATA[java.lang.NullPointerException: Cannot invoke "org.apache.poi.xssf.usermodel.XSSFCell.getCellType()" because the return value of "org.apache.poi.xssf.usermodel.XSSFRow.getCell(int)" is null
at com.nitara.utilities.ExcelUtils.readRowField(ExcelUtils.java:319)
at com.nitara.HousingManagement.AddUserDefinedShed.addUserDefinedShed(AddUserDefinedShed.java:31)
at java.base/java.util.ArrayList.forEach(ArrayList.java:1511)
... Removed 27 stack frames]]>
    </failure>
  </testcase> <!-- addUserDefinedShed -->
  <testcase classname="com.nitara.HousingManagement.AddUserDefinedGroup" name="addUserDefinedGroup" time="0.017">
    <failure type="java.lang.NullPointerException" message="Cannot invoke &amp;quot;org.apache.poi.xssf.usermodel.XSSFCell.getCellType()&amp;quot; because the return value of &amp;quot;org.apache.poi.xssf.usermodel.XSSFRow.getCell(int)&amp;quot; is null">
      <![CDATA[java.lang.NullPointerException: Cannot invoke "org.apache.poi.xssf.usermodel.XSSFCell.getCellType()" because the return value of "org.apache.poi.xssf.usermodel.XSSFRow.getCell(int)" is null
at com.nitara.utilities.ExcelUtils.readRowField(ExcelUtils.java:319)
at com.nitara.HousingManagement.AddUserDefinedGroup.addUserDefinedGroup(AddUserDefinedGroup.java:33)
at java.base/java.util.ArrayList.forEach(ArrayList.java:1511)
... Removed 27 stack frames]]>
    </failure>
  </testcase> <!-- addUserDefinedGroup -->
  <testcase classname="com.nitara.HousingManagement.DeleteGroup" name="deleteGroup" time="0.014">
    <failure type="java.lang.NullPointerException" message="Cannot invoke &amp;quot;org.apache.poi.xssf.usermodel.XSSFCell.getCellType()&amp;quot; because the return value of &amp;quot;org.apache.poi.xssf.usermodel.XSSFRow.getCell(int)&amp;quot; is null">
      <![CDATA[java.lang.NullPointerException: Cannot invoke "org.apache.poi.xssf.usermodel.XSSFCell.getCellType()" because the return value of "org.apache.poi.xssf.usermodel.XSSFRow.getCell(int)" is null
at com.nitara.utilities.ExcelUtils.readRowField(ExcelUtils.java:319)
at com.nitara.HousingManagement.DeleteGroup.deleteGroup(DeleteGroup.java:32)
at java.base/java.util.ArrayList.forEach(ArrayList.java:1511)
... Removed 27 stack frames]]>
    </failure>
  </testcase> <!-- deleteGroup -->
  <testcase classname="com.nitara.FarmManagement.AddExpense" name="addExpense" time="0.013">
    <failure type="java.lang.NullPointerException" message="Cannot invoke &amp;quot;org.apache.poi.xssf.usermodel.XSSFCell.getCellType()&amp;quot; because the return value of &amp;quot;org.apache.poi.xssf.usermodel.XSSFRow.getCell(int)&amp;quot; is null">
      <![CDATA[java.lang.NullPointerException: Cannot invoke "org.apache.poi.xssf.usermodel.XSSFCell.getCellType()" because the return value of "org.apache.poi.xssf.usermodel.XSSFRow.getCell(int)" is null
at com.nitara.utilities.ExcelUtils.readRowField(ExcelUtils.java:319)
at com.nitara.FarmManagement.AddExpense.addExpense(AddExpense.java:30)
at java.base/java.util.ArrayList.forEach(ArrayList.java:1511)
... Removed 27 stack frames]]>
    </failure>
  </testcase> <!-- addExpense -->
  <testcase classname="com.nitara.FarmManagement.AddRevenue" name="addRevenue" time="0.013">
    <failure type="java.lang.NullPointerException" message="Cannot invoke &amp;quot;org.apache.poi.xssf.usermodel.XSSFCell.getCellType()&amp;quot; because the return value of &amp;quot;org.apache.poi.xssf.usermodel.XSSFRow.getCell(int)&amp;quot; is null">
      <![CDATA[java.lang.NullPointerException: Cannot invoke "org.apache.poi.xssf.usermodel.XSSFCell.getCellType()" because the return value of "org.apache.poi.xssf.usermodel.XSSFRow.getCell(int)" is null
at com.nitara.utilities.ExcelUtils.readRowField(ExcelUtils.java:319)
at com.nitara.FarmManagement.AddRevenue.addRevenue(AddRevenue.java:32)
at java.base/java.util.ArrayList.forEach(ArrayList.java:1511)
... Removed 27 stack frames]]>
    </failure>
  </testcase> <!-- addRevenue -->
  <testcase classname="com.nitara.FarmManagement.AddExpenseCategories" name="addExpenseCategories" time="0.0"/>
  <testcase classname="com.nitara.FarmManagement.AddRevenueCatergories" name="addRevenueCatergories" time="0.001"/>
  <testcase classname="com.nitara.AccountManagement.RemoveProfilePic" name="removeProfilePic" time="0.485"/>
  <testcase classname="com.nitara.AccountManagement.UpdateProfilePic" name="updateProfilePic" time="1.925"/>
  <testcase classname="com.nitara.AccountManagement.ViewProfilePic" name="viewProfilePic" time="0.203"/>
  <testcase classname="com.nitara.AccountManagement.ViewServiceProviderHomePage" name="viewServiceProviderHomePage" time="0.0"/>
  <testcase classname="com.nitara.UserLogin.ChangePassword" name="changePassword" time="0.001"/>
  <testcase classname="com.nitara.UserLogin.ForgotPassword" name="forgotPassword" time="0.0"/>
  <testcase classname="com.nitara.UserLogin.ResendOTP" name="resendOTP" time="0.267">
    <failure type="java.lang.AssertionError" message="expected [400] but found [200]">
      <![CDATA[java.lang.AssertionError: expected [400] but found [200]
at com.nitara.UserLogin.ResendOTP.resendOTP(ResendOTP.java:42)
at java.base/java.util.ArrayList.forEach(ArrayList.java:1511)
... Removed 33 stack frames]]>
    </failure>
  </testcase> <!-- resendOTP -->
  <testcase classname="com.nitara.UserLogin.ResendVoiceOTP" name="resendVoiceOTP" time="0.265">
    <failure type="java.lang.AssertionError" message="expected [User not found in Database. Please go to New User &amp;amp; register your account.] but found [OTP Generated.]">
      <![CDATA[java.lang.AssertionError: expected [User not found in Database. Please go to New User & register your account.] but found [OTP Generated.]
at com.nitara.UserLogin.GenerateOtpForLogin.generateOtpForLogin(GenerateOtpForLogin.java:75)
at com.nitara.UserLogin.ResendVoiceOTP.resendVoiceOTP(ResendVoiceOTP.java:29)
at java.base/java.util.ArrayList.forEach(ArrayList.java:1511)
... Removed 33 stack frames]]>
    </failure>
  </testcase> <!-- resendVoiceOTP -->
  <testcase classname="com.nitara.UserLogin.Logout" name="logout" time="0.268"/>
  <testcase classname="com.nitara.CattleRegistration.RegisterHeiferCattle" name="registerHeiferCattle" time="1.595">
    <failure type="java.lang.AssertionError" message="expected [400] but found [200]">
      <![CDATA[java.lang.AssertionError: expected [400] but found [200]
at com.nitara.CattleRegistration.RegisterHeiferCattle.registerHeiferCattle(RegisterHeiferCattle.java:70)
at java.base/java.util.ArrayList.forEach(ArrayList.java:1511)
... Removed 33 stack frames]]>
    </failure>
  </testcase> <!-- registerHeiferCattle -->
  <testcase classname="com.nitara.CattleRegistration.RegisterCalfCattle" name="registerCalfCattle" time="3.809">
    <failure type="java.lang.AssertionError" message="expected [400] but found [200]">
      <![CDATA[java.lang.AssertionError: expected [400] but found [200]
at com.nitara.CattleRegistration.RegisterCalfCattle.registerCalfCattle(RegisterCalfCattle.java:67)
at java.base/java.util.ArrayList.forEach(ArrayList.java:1511)
... Removed 33 stack frames]]>
    </failure>
  </testcase> <!-- registerCalfCattle -->
  <testcase classname="com.nitara.CattleRegistration.RegisterMilkingOrDryCattle" name="registerMilkingOrDryCattle" time="0.753">
    <failure type="java.lang.AssertionError" message="expected [400] but found [200]">
      <![CDATA[java.lang.AssertionError: expected [400] but found [200]
at com.nitara.CattleRegistration.RegisterMilkingOrDryCattle.registerMilkingOrDryCattle(RegisterMilkingOrDryCattle.java:72)
at java.base/java.util.ArrayList.forEach(ArrayList.java:1511)
... Removed 33 stack frames]]>
    </failure>
  </testcase> <!-- registerMilkingOrDryCattle -->
  <testcase classname="com.nitara.CattleDetails.ViewCattleBreedingActivity" name="viewCattleBreedingActivity" time="0.703"/>
  <testcase classname="com.nitara.AccountManagement.ViewFarmerHomePage" name="viewFarmerHomePage" time="0.028">
    <failure type="java.lang.NullPointerException" message="Cannot invoke &amp;quot;org.apache.poi.xssf.usermodel.XSSFRow.getCell(int)&amp;quot; because the return value of &amp;quot;org.apache.poi.xssf.usermodel.XSSFSheet.getRow(int)&amp;quot; is null">
      <![CDATA[java.lang.NullPointerException: Cannot invoke "org.apache.poi.xssf.usermodel.XSSFRow.getCell(int)" because the return value of "org.apache.poi.xssf.usermodel.XSSFSheet.getRow(int)" is null
at com.nitara.utilities.ExcelUtils.readRowField(ExcelUtils.java:318)
at com.nitara.AccountManagement.ViewFarmerHomePage.viewFarmerHomePage(ViewFarmerHomePage.java:25)
at java.base/java.util.ArrayList.forEach(ArrayList.java:1511)
... Removed 27 stack frames]]>
    </failure>
  </testcase> <!-- viewFarmerHomePage -->
  <testcase classname="com.nitara.HeatManagement.AddHeat" name="AddHeatData" time="1.102"/>
  <testcase classname="com.nitara.HeatManagement.UpdateHeat" name="updateHeat" time="0.977"/>
  <testcase classname="com.nitara.HeatManagement.DeleteHeat" name="deleteHeat" time="1.227"/>
  <testcase classname="com.nitara.InseminationManagement.AddInsemination" name="AddInseminationData" time="0.859"/>
  <testcase classname="com.nitara.InseminationManagement.UpdateInsemination" name="updateInsemination" time="0.919"/>
  <testcase classname="com.nitara.InseminationManagement.DeleteInsemination" name="deleteInsemination" time="1.188"/>
  <testcase classname="com.nitara.InseminationManagement.AddInseminationByServiceProvider" name="addInseminationByServiceProvider" time="0.011">
    <failure type="java.lang.NullPointerException" message="Cannot invoke &amp;quot;org.apache.poi.xssf.usermodel.XSSFRow.getCell(int)&amp;quot; because the return value of &amp;quot;org.apache.poi.xssf.usermodel.XSSFSheet.getRow(int)&amp;quot; is null">
      <![CDATA[java.lang.NullPointerException: Cannot invoke "org.apache.poi.xssf.usermodel.XSSFRow.getCell(int)" because the return value of "org.apache.poi.xssf.usermodel.XSSFSheet.getRow(int)" is null
at com.nitara.utilities.ExcelUtils.readRowField(ExcelUtils.java:318)
at com.nitara.InseminationManagement.AddInseminationByServiceProvider.addInseminationByServiceProvider(AddInseminationByServiceProvider.java:32)
at java.base/java.util.ArrayList.forEach(ArrayList.java:1511)
... Removed 27 stack frames]]>
    </failure>
  </testcase> <!-- addInseminationByServiceProvider -->
  <testcase classname="com.nitara.PDManagement.AddPD" name="addPD" time="0.681"/>
  <testcase classname="com.nitara.PDManagement.UpdatePD" name="updatePD" time="0.98"/>
  <testcase classname="com.nitara.DryPeriodManagement.AddDryPeriod" name="addDryPeriod" time="4.058"/>
  <testcase classname="com.nitara.DryPeriodManagement.UpdateDryPeriod" name="addDryPeriod" time="2.643"/>
  <testcase classname="com.nitara.CalvingManagement.AddCalving" name="AddCalvingData" time="3.733"/>
  <testcase classname="com.nitara.CalvingManagement.UpdateCalving" name="updateCalving" time="1.437"/>
  <testcase classname="com.nitara.CalvingManagement.DeleteCalving" name="deleteCalving" time="3.935"/>
  <testcase classname="com.nitara.DryPeriodManagement.DeleteDryPeriod" name="deleteDryPeriod" time="2.332"/>
  <testcase classname="com.nitara.PDManagement.DeletePD" name="deletePD" time="4.743"/>
  <testcase classname="com.nitara.CattleRegistration.RegisterBullCattle" name="registerBullCattle" time="1.732">
    <failure type="java.lang.AssertionError" message="expected [400] but found [200]">
      <![CDATA[java.lang.AssertionError: expected [400] but found [200]
at com.nitara.CattleRegistration.RegisterBullCattle.registerBullCattle(RegisterBullCattle.java:69)
at java.base/java.util.ArrayList.forEach(ArrayList.java:1511)
... Removed 33 stack frames]]>
    </failure>
  </testcase> <!-- registerBullCattle -->
  <testcase classname="com.nitara.CattleManagement.AddBcs" name="addBcsDetails" time="0.372">
    <failure type="java.lang.AssertionError" message="expected [200] but found [400]">
      <![CDATA[java.lang.AssertionError: expected [200] but found [400]
at com.nitara.CattleManagement.AddBcs.addBcsDetails(AddBcs.java:39)
at java.base/java.util.ArrayList.forEach(ArrayList.java:1511)
... Removed 33 stack frames]]>
    </failure>
  </testcase> <!-- addBcsDetails -->
  <testcase classname="com.nitara.CattleManagement.UpdateBcs" name="updateBcs" time="0.965"/>
  <testcase classname="com.nitara.CattleManagement.ViewBcsData" name="viewBcsData" time="0.473"/>
  <testcase classname="com.nitara.CattleManagement.DeleteBcs" name="deleteBcs" time="0.337"/>
  <testcase classname="com.nitara.CattleManagement.AddTreatment" name="addTreatment" time="1.172"/>
  <testcase classname="com.nitara.CattleManagement.UpdateTreatment" name="updateTreatment" time="1.245">
    <failure type="java.lang.AssertionError" message="expected [true] but found [false]">
      <![CDATA[java.lang.AssertionError: expected [true] but found [false]
at com.nitara.CattleManagement.UpdateTreatment.updateTreatment(UpdateTreatment.java:75)
at java.base/java.util.ArrayList.forEach(ArrayList.java:1511)
... Removed 33 stack frames]]>
    </failure>
  </testcase> <!-- updateTreatment -->
  <testcase classname="com.nitara.CattleManagement.ViewTreatmentData" name="viewTreatmentData" time="0.399"/>
  <testcase classname="com.nitara.FollowUp.AddFollowUp" name="AddFollowUpDetails" time="1.176"/>
  <testcase classname="com.nitara.FollowUp.UpdateFollowUp" name="UpdateFollowUpDetails" time="1.237"/>
  <testcase classname="com.nitara.FollowUp.DeleteFollowUp" name="deleteFollowUp" time="0.372"/>
  <testcase classname="com.nitara.CattleManagement.DeleteTreatment" name="deleteTreatment" time="0.36"/>
  <testcase classname="com.nitara.CattleManagement.AddInsurance" name="addInsurance" time="4.786"/>
  <testcase classname="com.nitara.CattleManagement.ViewInsuranceData" name="viewInsuranceData" time="0.351"/>
  <testcase classname="com.nitara.VaccinationManagement.AddVaccination" name="addVaccination" time="1.179">
    <failure type="org.json.JSONException" message="JSONObject[&amp;quot;VaccinationDateTime&amp;quot;] not found.">
      <![CDATA[org.json.JSONException: JSONObject["VaccinationDateTime"] not found.
at org.json.JSONObject.get(JSONObject.java:572)
at org.json.JSONObject.getString(JSONObject.java:859)
at com.nitara.VaccinationManagement.AddVaccination.addVaccination(AddVaccination.java:74)
at java.base/java.util.ArrayList.forEach(ArrayList.java:1511)
... Removed 27 stack frames]]>
    </failure>
  </testcase> <!-- addVaccination -->
  <testcase classname="com.nitara.VaccinationManagement.UpdateVaccination" name="updateVaccination" time="1.106">
    <failure type="java.lang.AssertionError" message="expected [Bruvax Delta] but found [Bruvax Plus]">
      <![CDATA[java.lang.AssertionError: expected [Bruvax Delta] but found [Bruvax Plus]
at com.nitara.VaccinationManagement.UpdateVaccination.updateVaccination(UpdateVaccination.java:72)
at java.base/java.util.ArrayList.forEach(ArrayList.java:1511)
... Removed 33 stack frames]]>
    </failure>
  </testcase> <!-- updateVaccination -->
  <testcase classname="com.nitara.VaccinationManagement.ViewVaccinationData" name="viewVaccinationData" time="0.275">
    <failure type="java.lang.AssertionError" message="expected [400] but found [200]">
      <![CDATA[java.lang.AssertionError: expected [400] but found [200]
at com.nitara.VaccinationManagement.ViewVaccinationData.viewVaccinationData(ViewVaccinationData.java:42)
at java.base/java.util.ArrayList.forEach(ArrayList.java:1511)
... Removed 33 stack frames]]>
    </failure>
  </testcase> <!-- viewVaccinationData -->
  <testcase classname="com.nitara.VaccinationManagement.DeleteVaccination" name="deleteVaccination" time="0.351"/>
  <testcase classname="com.nitara.WeightManagement.AddWeight" name="AddWeightGirth" time="0.697"/>
  <testcase classname="com.nitara.WeightManagement.UpdateWeight" name="updateWeight" time="0.818"/>
  <testcase classname="com.nitara.WeightManagement.ViewWeightData" name="viewWeightData" time="0.333"/>
  <testcase classname="com.nitara.WeightManagement.DeleteWeight" name="deleteWeight" time="0.354"/>
  <testcase classname="com.nitara.DewormingManagement.AddDeworming" name="addDeworming" time="1.0"/>
  <testcase classname="com.nitara.DewormingManagement.UpdateDeworming" name="updateDeworming" time="1.122"/>
  <testcase classname="com.nitara.DewormingManagement.ViewDewormingData" name="viewDewormingData" time="0.294"/>
  <testcase classname="com.nitara.DewormingManagement.DeleteDeworming" name="deleteDeworming" time="1.063"/>
  <testcase classname="com.nitara.CattleManagement.UpdateCattleProfile" name="updateCattleProfile" time="0.016">
    <failure type="java.io.FileNotFoundException" message="C:\Users\Raviteja\OneDrive - GormalOne\Documents\Nitara.TestAutomation\Nitara\MDM\MDM\src\main\java\com\nitara\testdata\CattleOtherActivities.xlsx (The process cannot access the file because it is being used by another process)">
      <![CDATA[java.io.FileNotFoundException: C:\Users\Raviteja\OneDrive - GormalOne\Documents\Nitara.TestAutomation\Nitara\MDM\MDM\src\main\java\com\nitara\testdata\CattleOtherActivities.xlsx (The process cannot access the file because it is being used by another process)
at java.base/java.io.FileOutputStream.open0(Native Method)
at java.base/java.io.FileOutputStream.open(FileOutputStream.java:291)
at java.base/java.io.FileOutputStream.<init>(FileOutputStream.java:234)
at java.base/java.io.FileOutputStream.<init>(FileOutputStream.java:123)
at com.nitara.utilities.ExcelUtils.updateField(ExcelUtils.java:226)
at com.nitara.CattleManagement.UpdateCattleProfile.updateCattleProfile(UpdateCattleProfile.java:28)
at java.base/java.util.ArrayList.forEach(ArrayList.java:1511)
... Removed 27 stack frames]]>
    </failure>
  </testcase> <!-- updateCattleProfile -->
  <testcase classname="com.nitara.FarmManagement.ViewFarmCattleList" name="viewFarmCattleList" time="1.531"/>
  <testcase classname="com.nitara.FarmManagement.ViewFarmAnalysis" name="viewFarmAnalysis" time="0.01">
    <failure type="java.lang.NullPointerException" message="Cannot invoke &amp;quot;org.apache.poi.xssf.usermodel.XSSFCell.getCellType()&amp;quot; because the return value of &amp;quot;org.apache.poi.xssf.usermodel.XSSFRow.getCell(int)&amp;quot; is null">
      <![CDATA[java.lang.NullPointerException: Cannot invoke "org.apache.poi.xssf.usermodel.XSSFCell.getCellType()" because the return value of "org.apache.poi.xssf.usermodel.XSSFRow.getCell(int)" is null
at com.nitara.utilities.ExcelUtils.readRowField(ExcelUtils.java:319)
at com.nitara.FarmManagement.ViewFarmAnalysis.viewFarmAnalysis(ViewFarmAnalysis.java:31)
at java.base/java.util.ArrayList.forEach(ArrayList.java:1511)
... Removed 27 stack frames]]>
    </failure>
  </testcase> <!-- viewFarmAnalysis -->
  <testcase classname="com.nitara.CattleDetails.ViewCattleProfile" name="viewCattleProfile" time="0.422"/>
  <testcase classname="com.nitara.HousingManagement.ViewHousingSuggestions" name="viewHousingSuggestions" time="0.009">
    <failure type="java.lang.NullPointerException" message="Cannot invoke &amp;quot;org.apache.poi.xssf.usermodel.XSSFCell.getCellType()&amp;quot; because the return value of &amp;quot;org.apache.poi.xssf.usermodel.XSSFRow.getCell(int)&amp;quot; is null">
      <![CDATA[java.lang.NullPointerException: Cannot invoke "org.apache.poi.xssf.usermodel.XSSFCell.getCellType()" because the return value of "org.apache.poi.xssf.usermodel.XSSFRow.getCell(int)" is null
at com.nitara.utilities.ExcelUtils.readRowField(ExcelUtils.java:319)
at com.nitara.HousingManagement.ViewHousingSuggestions.viewHousingSuggestions(ViewHousingSuggestions.java:31)
at java.base/java.util.ArrayList.forEach(ArrayList.java:1511)
... Removed 27 stack frames]]>
    </failure>
  </testcase> <!-- viewHousingSuggestions -->
  <testcase classname="com.nitara.CattleDetails.ViewCattleAnalysis" name="viewCattleAnalysis" time="0.522"/>
  <testcase classname="com.nitara.CattleDetails.ViewAllCattlePhotos" name="viewAllCattlePhotos" time="0.658"/>
  <testcase classname="com.nitara.CattleManagement.AddNewCattleProfilePics" name="addNewCattleProfilePics" time="1.845"/>
  <testcase classname="com.nitara.CattleManagement.DeleteCattleProfilePic" name="deleteCattleProfilePic" time="0.906"/>
  <testcase classname="com.nitara.HousingManagement.AddCattlesToGroup" name="addCattlesToGroup" time="0.027">
    <failure type="java.lang.NullPointerException" message="Cannot invoke &amp;quot;org.apache.poi.xssf.usermodel.XSSFCell.getCellType()&amp;quot; because the return value of &amp;quot;org.apache.poi.xssf.usermodel.XSSFRow.getCell(int)&amp;quot; is null">
      <![CDATA[java.lang.NullPointerException: Cannot invoke "org.apache.poi.xssf.usermodel.XSSFCell.getCellType()" because the return value of "org.apache.poi.xssf.usermodel.XSSFRow.getCell(int)" is null
at com.nitara.utilities.ExcelUtils.readRowField(ExcelUtils.java:319)
at com.nitara.HousingManagement.AddCattlesToGroup.addCattlesToGroup(AddCattlesToGroup.java:36)
at java.base/java.util.ArrayList.forEach(ArrayList.java:1511)
... Removed 27 stack frames]]>
    </failure>
  </testcase> <!-- addCattlesToGroup -->
  <testcase classname="com.nitara.CattleManagement.SearchCattle" name="searchCattle" time="0.001"/>
  <testcase classname="com.nitara.CattleManagement.SearchMilkingCattle" name="SearchMilkingCattleDetails" time="0.024">
    <failure type="org.json.JSONException" message="JSONObject[&amp;quot;farmId&amp;quot;] not found.">
      <![CDATA[org.json.JSONException: JSONObject["farmId"] not found.
at org.json.JSONObject.get(JSONObject.java:572)
at org.json.JSONObject.getString(JSONObject.java:859)
at com.nitara.CattleManagement.SearchMilkingCattle.SearchMilkingCattleDetails(SearchMilkingCattle.java:33)
at java.base/java.util.ArrayList.forEach(ArrayList.java:1511)
... Removed 27 stack frames]]>
    </failure>
  </testcase> <!-- SearchMilkingCattleDetails -->
  <testcase classname="com.nitara.MilkingManagement.AddCattleMilking" name="addCattleMilking" time="0.017">
    <failure type="java.lang.NullPointerException" message="Cannot invoke &amp;quot;org.apache.poi.xssf.usermodel.XSSFRow.getCell(int)&amp;quot; because the return value of &amp;quot;org.apache.poi.xssf.usermodel.XSSFSheet.getRow(int)&amp;quot; is null">
      <![CDATA[java.lang.NullPointerException: Cannot invoke "org.apache.poi.xssf.usermodel.XSSFRow.getCell(int)" because the return value of "org.apache.poi.xssf.usermodel.XSSFSheet.getRow(int)" is null
at com.nitara.utilities.ExcelUtils.readRowField(ExcelUtils.java:318)
at com.nitara.MilkingManagement.AddCattleMilking.addCattleMilking(AddCattleMilking.java:31)
at java.base/java.util.ArrayList.forEach(ArrayList.java:1511)
... Removed 27 stack frames]]>
    </failure>
  </testcase> <!-- addCattleMilking -->
  <testcase classname="com.nitara.MilkingManagement.AddFarmMilking" name="addUserFarmMilking" time="0.018">
    <failure type="java.lang.NullPointerException" message="Cannot invoke &amp;quot;org.apache.poi.xssf.usermodel.XSSFRow.getCell(int)&amp;quot; because the return value of &amp;quot;org.apache.poi.xssf.usermodel.XSSFSheet.getRow(int)&amp;quot; is null">
      <![CDATA[java.lang.NullPointerException: Cannot invoke "org.apache.poi.xssf.usermodel.XSSFRow.getCell(int)" because the return value of "org.apache.poi.xssf.usermodel.XSSFSheet.getRow(int)" is null
at com.nitara.utilities.ExcelUtils.readRowField(ExcelUtils.java:318)
at com.nitara.MilkingManagement.AddFarmMilking.addUserFarmMilking(AddFarmMilking.java:35)
at java.base/java.util.ArrayList.forEach(ArrayList.java:1511)
... Removed 27 stack frames]]>
    </failure>
  </testcase> <!-- addUserFarmMilking -->
  <testcase classname="com.nitara.MilkingManagement.ViewCattleMilking" name="viewCattleMilkingDetails" time="0.393"/>
  <testcase classname="com.nitara.HousingManagement.GetFarmHousing" name="getFarmHousing" time="0.009">
    <failure type="java.lang.NullPointerException" message="Cannot invoke &amp;quot;org.apache.poi.xssf.usermodel.XSSFRow.getCell(int)&amp;quot; because the return value of &amp;quot;org.apache.poi.xssf.usermodel.XSSFSheet.getRow(int)&amp;quot; is null">
      <![CDATA[java.lang.NullPointerException: Cannot invoke "org.apache.poi.xssf.usermodel.XSSFRow.getCell(int)" because the return value of "org.apache.poi.xssf.usermodel.XSSFSheet.getRow(int)" is null
at com.nitara.utilities.ExcelUtils.readRowField(ExcelUtils.java:318)
at com.nitara.HousingManagement.GetFarmHousing.getFarmHousing(GetFarmHousing.java:36)
at java.base/java.util.ArrayList.forEach(ArrayList.java:1511)
... Removed 27 stack frames]]>
    </failure>
  </testcase> <!-- getFarmHousing -->
  <testcase classname="com.nitara.FarmManagement.UpdateExpenses" name="updateExpense" time="0.008">
    <failure type="java.lang.NullPointerException" message="Cannot invoke &amp;quot;org.apache.poi.xssf.usermodel.XSSFCell.getCellType()&amp;quot; because the return value of &amp;quot;org.apache.poi.xssf.usermodel.XSSFRow.getCell(int)&amp;quot; is null">
      <![CDATA[java.lang.NullPointerException: Cannot invoke "org.apache.poi.xssf.usermodel.XSSFCell.getCellType()" because the return value of "org.apache.poi.xssf.usermodel.XSSFRow.getCell(int)" is null
at com.nitara.utilities.ExcelUtils.readRowField(ExcelUtils.java:319)
at com.nitara.FarmManagement.UpdateExpenses.updateExpense(UpdateExpenses.java:31)
at java.base/java.util.ArrayList.forEach(ArrayList.java:1511)
... Removed 27 stack frames]]>
    </failure>
  </testcase> <!-- updateExpense -->
  <testcase classname="com.nitara.FarmManagement.UpdateRevenue" name="updateRevenue" time="0.012">
    <failure type="java.lang.NullPointerException" message="Cannot invoke &amp;quot;org.apache.poi.xssf.usermodel.XSSFCell.getCellType()&amp;quot; because the return value of &amp;quot;org.apache.poi.xssf.usermodel.XSSFRow.getCell(int)&amp;quot; is null">
      <![CDATA[java.lang.NullPointerException: Cannot invoke "org.apache.poi.xssf.usermodel.XSSFCell.getCellType()" because the return value of "org.apache.poi.xssf.usermodel.XSSFRow.getCell(int)" is null
at com.nitara.utilities.ExcelUtils.readRowField(ExcelUtils.java:319)
at com.nitara.FarmManagement.UpdateRevenue.updateRevenue(UpdateRevenue.java:27)
at java.base/java.util.ArrayList.forEach(ArrayList.java:1511)
... Removed 27 stack frames]]>
    </failure>
  </testcase> <!-- updateRevenue -->
  <testcase classname="com.nitara.FarmManagement.DeleteRevenue" name="deleteRevenue" time="0.009">
    <failure type="java.lang.NullPointerException" message="Cannot invoke &amp;quot;org.apache.poi.xssf.usermodel.XSSFCell.getCellType()&amp;quot; because the return value of &amp;quot;org.apache.poi.xssf.usermodel.XSSFRow.getCell(int)&amp;quot; is null">
      <![CDATA[java.lang.NullPointerException: Cannot invoke "org.apache.poi.xssf.usermodel.XSSFCell.getCellType()" because the return value of "org.apache.poi.xssf.usermodel.XSSFRow.getCell(int)" is null
at com.nitara.utilities.ExcelUtils.readRowField(ExcelUtils.java:319)
at com.nitara.FarmManagement.DeleteRevenue.deleteRevenue(DeleteRevenue.java:27)
at java.base/java.util.ArrayList.forEach(ArrayList.java:1511)
... Removed 27 stack frames]]>
    </failure>
  </testcase> <!-- deleteRevenue -->
  <testcase classname="com.nitara.FarmManagement.DeleteExpense" name="deleteExpense" time="0.01">
    <failure type="java.lang.NullPointerException" message="Cannot invoke &amp;quot;org.apache.poi.xssf.usermodel.XSSFCell.getCellType()&amp;quot; because the return value of &amp;quot;org.apache.poi.xssf.usermodel.XSSFRow.getCell(int)&amp;quot; is null">
      <![CDATA[java.lang.NullPointerException: Cannot invoke "org.apache.poi.xssf.usermodel.XSSFCell.getCellType()" because the return value of "org.apache.poi.xssf.usermodel.XSSFRow.getCell(int)" is null
at com.nitara.utilities.ExcelUtils.readRowField(ExcelUtils.java:319)
at com.nitara.FarmManagement.DeleteExpense.deleteExpense(DeleteExpense.java:27)
at java.base/java.util.ArrayList.forEach(ArrayList.java:1511)
... Removed 27 stack frames]]>
    </failure>
  </testcase> <!-- deleteExpense -->
  <testcase classname="com.nitara.FarmManagement.GetFarmMetadata" name="getFarmMetadata" time="0.009">
    <failure type="java.lang.NullPointerException" message="Cannot invoke &amp;quot;org.apache.poi.xssf.usermodel.XSSFRow.getCell(int)&amp;quot; because the return value of &amp;quot;org.apache.poi.xssf.usermodel.XSSFSheet.getRow(int)&amp;quot; is null">
      <![CDATA[java.lang.NullPointerException: Cannot invoke "org.apache.poi.xssf.usermodel.XSSFRow.getCell(int)" because the return value of "org.apache.poi.xssf.usermodel.XSSFSheet.getRow(int)" is null
at com.nitara.utilities.ExcelUtils.readRowField(ExcelUtils.java:318)
at com.nitara.FarmManagement.GetFarmMetadata.getFarmMetadata(GetFarmMetadata.java:35)
at java.base/java.util.ArrayList.forEach(ArrayList.java:1511)
... Removed 27 stack frames]]>
    </failure>
  </testcase> <!-- getFarmMetadata -->
  <testcase classname="com.nitara.FarmManagement.SearchFarm" name="searchFarm" time="0.009">
    <failure type="java.lang.NullPointerException" message="Cannot invoke &amp;quot;org.apache.poi.xssf.usermodel.XSSFRow.getCell(int)&amp;quot; because the return value of &amp;quot;org.apache.poi.xssf.usermodel.XSSFSheet.getRow(int)&amp;quot; is null">
      <![CDATA[java.lang.NullPointerException: Cannot invoke "org.apache.poi.xssf.usermodel.XSSFRow.getCell(int)" because the return value of "org.apache.poi.xssf.usermodel.XSSFSheet.getRow(int)" is null
at com.nitara.utilities.ExcelUtils.readRowField(ExcelUtils.java:318)
at com.nitara.FarmManagement.SearchFarm.searchFarm(SearchFarm.java:37)
at java.base/java.util.ArrayList.forEach(ArrayList.java:1511)
... Removed 27 stack frames]]>
    </failure>
  </testcase> <!-- searchFarm -->
  <testcase classname="com.nitara.UserLogin.UserLoginNew" name="userLoginwithValidData on {}" time="0.018">
    <failure type="java.lang.NullPointerException" message="Cannot invoke &amp;quot;org.apache.poi.xssf.usermodel.XSSFRow.getCell(int)&amp;quot; because the return value of &amp;quot;org.apache.poi.xssf.usermodel.XSSFSheet.getRow(int)&amp;quot; is null">
      <![CDATA[java.lang.NullPointerException: Cannot invoke "org.apache.poi.xssf.usermodel.XSSFRow.getCell(int)" because the return value of "org.apache.poi.xssf.usermodel.XSSFSheet.getRow(int)" is null
at com.nitara.utilities.ExcelUtils.readRowField(ExcelUtils.java:318)
at com.nitara.UserLogin.UserLoginNew.userLoginwithValidData(UserLoginNew.java:42)
at java.base/java.util.ArrayList.forEach(ArrayList.java:1511)
... Removed 27 stack frames]]>
    </failure>
  </testcase> <!-- userLoginwithValidData on {} -->
  <testcase classname="com.nitara.PermissionManagement.RemoveUser" name="removeUser" time="0.001"/>
  <testcase classname="com.nitara.MasterData.GetAllMasterData" name="getAllMasterData" time="0.001">
    <failure type="java.lang.IllegalArgumentException" message="path cannot be null">
      <![CDATA[java.lang.IllegalArgumentException: path cannot be null
at org.codehaus.groovy.runtime.callsite.ConstructorSite$ConstructorSiteNoUnwrap.callConstructor(ConstructorSite.java:84)
at org.codehaus.groovy.runtime.callsite.CallSiteArray.defaultCallConstructor(CallSiteArray.java:60)
at org.codehaus.groovy.runtime.callsite.AbstractCallSite.callConstructor(AbstractCallSite.java:235)
at org.codehaus.groovy.runtime.callsite.AbstractCallSite.callConstructor(AbstractCallSite.java:247)
at io.restassured.internal.assertion.AssertParameter.notNull(AssertParameter.groovy:26)
at io.restassured.internal.assertion.AssertParameter$notNull.callStatic(Unknown Source)
at org.codehaus.groovy.runtime.callsite.CallSiteArray.defaultCallStatic(CallSiteArray.java:56)
at io.restassured.internal.assertion.AssertParameter$notNull.callStatic(Unknown Source)
at io.restassured.internal.RequestSpecificationImpl.applyPathParamsAndSendRequest(RequestSpecificationImpl.groovy:1680)
at groovy.lang.MetaMethod.doMethodInvoke(MetaMethod.java:325)
at groovy.lang.MetaClassImpl.invokeMethod(MetaClassImpl.java:1213)
at groovy.lang.MetaClassImpl.invokeMethod(MetaClassImpl.java:1022)
at groovy.lang.MetaClassImpl.invokeMethod(MetaClassImpl.java:810)
at io.restassured.internal.RequestSpecificationImpl.invokeMethod(RequestSpecificationImpl.groovy)
at org.codehaus.groovy.runtime.callsite.PogoInterceptableSite.call(PogoInterceptableSite.java:48)
at org.codehaus.groovy.runtime.callsite.PogoInterceptableSite.callCurrent(PogoInterceptableSite.java:58)
at org.codehaus.groovy.runtime.callsite.AbstractCallSite.callCurrent(AbstractCallSite.java:182)
at io.restassured.internal.RequestSpecificationImpl.applyPathParamsAndSendRequest(RequestSpecificationImpl.groovy:1738)
at groovy.lang.MetaMethod.doMethodInvoke(MetaMethod.java:325)
at groovy.lang.MetaClassImpl.invokeMethod(MetaClassImpl.java:1213)
at groovy.lang.MetaClassImpl.invokeMethod(MetaClassImpl.java:1022)
at groovy.lang.MetaClassImpl.invokeMethod(MetaClassImpl.java:810)
at io.restassured.internal.RequestSpecificationImpl.invokeMethod(RequestSpecificationImpl.groovy)
at org.codehaus.groovy.runtime.callsite.PogoInterceptableSite.call(PogoInterceptableSite.java:48)
at org.codehaus.groovy.runtime.callsite.PogoInterceptableSite.callCurrent(PogoInterceptableSite.java:58)
at org.codehaus.groovy.runtime.callsite.AbstractCallSite.callCurrent(AbstractCallSite.java:182)
at io.restassured.internal.RequestSpecificationImpl.get(RequestSpecificationImpl.groovy:170)
at io.restassured.internal.RequestSpecificationImpl.get(RequestSpecificationImpl.groovy)
at com.nitara.service.NitaraService.GetAll(NitaraService.java:45)
at com.nitara.MasterData.GetAllMasterData.getAllMasterData(GetAllMasterData.java:29)
at java.base/java.util.ArrayList.forEach(ArrayList.java:1511)
... Removed 42 stack frames]]>
    </failure>
  </testcase> <!-- getAllMasterData -->
  <testcase classname="com.nitara.CattleManagement.RemoveCattle" name="RemoveCattleDetails" time="0.572">
    <failure type="java.lang.AssertionError" message="expected [400] but found [200]">
      <![CDATA[java.lang.AssertionError: expected [400] but found [200]
at com.nitara.CattleRegistration.RegisterCalfCattle.registerCalf(RegisterCalfCattle.java:141)
at com.nitara.CattleManagement.RemoveCattle.RemoveCattleDetails(RemoveCattle.java:29)
at java.base/java.util.ArrayList.forEach(ArrayList.java:1511)
... Removed 33 stack frames]]>
    </failure>
  </testcase> <!-- RemoveCattleDetails -->
  <testcase classname="com.nitara.DiseasePredictor.GetAllDiseases" name="GetAllDiseases" time="0.274"/>
  <testcase classname="com.nitara.DiseasePredictor.GetAllSymptoms" name="GetAllSymptoms" time="0.249"/>
  <testcase classname="com.nitara.DiseasePredictor.GetCategories" name="getCategories" time="0.298"/>
  <testcase classname="com.nitara.DiseasePredictor.GetDiseases" name="GetDiseases" time="0.338"/>
  <testcase classname="com.nitara.DiseasePredictor.GetPreventions" name="GetTreatments" time="0.299"/>
  <testcase classname="com.nitara.DiseasePredictor.GetSymptoms" name="GetSymptoms" time="0.355"/>
  <testcase classname="com.nitara.DiseasePredictor.GetTreatments" name="GetTreatments" time="0.284"/>
  <testcase classname="com.nitara.DiseasePredictor.ReportDisease" name="ReportDisease" time="0.431"/>
  <testcase classname="com.nitara.CattleRegistration.RegisterHeiferCattle" name="heiferInseminationMinimumAge" time="0.0">
    <ignored/>
  </testcase> <!-- heiferInseminationMinimumAge -->
  <testcase classname="com.nitara.CattleRegistration.RegisterMilkingOrDryCattle" name="milkingCattleCoopTagNumbersAlreadyExist" time="0.0">
    <ignored/>
  </testcase> <!-- milkingCattleCoopTagNumbersAlreadyExist -->
  <testcase classname="com.nitara.CattleRegistration.RegisterMilkingOrDryCattle" name="milkingCattleYearOfBirthFutureDate" time="0.0">
    <ignored/>
  </testcase> <!-- milkingCattleYearOfBirthFutureDate -->
  <testcase classname="com.nitara.CattleRegistration.RegisterCalfCattle" name="Registerwithmorethan25yearsofage" time="0.0">
    <ignored/>
  </testcase> <!-- Registerwithmorethan25yearsofage -->
  <testcase classname="com.nitara.CattleRegistration.RegisterCalfCattle" name="Registerwithfutureyearofbirth" time="0.0">
    <ignored/>
  </testcase> <!-- Registerwithfutureyearofbirth -->
  <testcase classname="com.nitara.CattleRegistration.RegisterMilkingOrDryCattle" name="milkingCattlePDActivity" time="0.0">
    <ignored/>
  </testcase> <!-- milkingCattlePDActivity -->
  <testcase classname="com.nitara.CattleRegistration.RegisterCalfCattle" name="Registerwithduplicatecotagnumber" time="0.0">
    <ignored/>
  </testcase> <!-- Registerwithduplicatecotagnumber -->
  <testcase classname="com.nitara.CattleRegistration.RegisterMilkingOrDryCattle" name="milkingCattleTagNumbersAlreadyExist" time="0.0">
    <ignored/>
  </testcase> <!-- milkingCattleTagNumbersAlreadyExist -->
  <testcase classname="com.nitara.CattleRegistration.RegisterMilkingOrDryCattle" name="milkingCattleCalvingFutureDate" time="0.0">
    <ignored/>
  </testcase> <!-- milkingCattleCalvingFutureDate -->
  <testcase classname="com.nitara.CattleRegistration.RegisterMilkingOrDryCattle" name="milkingCattleMandatoryFields" time="0.0">
    <ignored/>
  </testcase> <!-- milkingCattleMandatoryFields -->
  <testcase classname="com.nitara.UserLogin.UserLoginNew" name="SPLoginWithFarmerkey" time="0.0">
    <ignored/>
  </testcase> <!-- SPLoginWithFarmerkey -->
  <testcase classname="com.nitara.CattleRegistration.RegisterHeiferCattle" name="heiferPDActivity" time="0.0">
    <ignored/>
  </testcase> <!-- heiferPDActivity -->
  <testcase classname="com.nitara.CattleRegistration.RegisterCalfCattle" name="Cooperativenumbershouldbe12digits" time="0.0">
    <ignored/>
  </testcase> <!-- Cooperativenumbershouldbe12digits -->
  <testcase classname="com.nitara.CattleRegistration.RegisterHeiferCattle" name="heiferTagNumbersExceedLength" time="0.0">
    <ignored/>
  </testcase> <!-- heiferTagNumbersExceedLength -->
  <testcase classname="com.nitara.CattleRegistration.RegisterCalfCattle" name="Registerwithinvalidfileformat" time="0.0">
    <ignored/>
  </testcase> <!-- Registerwithinvalidfileformat -->
  <testcase classname="com.nitara.CattleRegistration.RegisterCalfCattle" name="Registerwithlessthan6monthsofage" time="0.0">
    <ignored/>
  </testcase> <!-- Registerwithlessthan6monthsofage -->
  <testcase classname="com.nitara.UserLogin.UserLoginNew" name="farmerLoginWithSPkey" time="0.0">
    <ignored/>
  </testcase> <!-- farmerLoginWithSPkey -->
  <testcase classname="com.nitara.CattleRegistration.RegisterBullCattle" name="registerwithoutyearofbirth" time="0.0">
    <ignored/>
  </testcase> <!-- registerwithoutyearofbirth -->
  <testcase classname="com.nitara.CattleRegistration.RegisterHeiferCattle" name="heiferYearOfBirthFutureDate" time="0.0">
    <ignored/>
  </testcase> <!-- heiferYearOfBirthFutureDate -->
  <testcase classname="com.nitara.CattleRegistration.RegisterHeiferCattle" name="heiferCoopTagNumbersAlreadyExist" time="0.0">
    <ignored/>
  </testcase> <!-- heiferCoopTagNumbersAlreadyExist -->
  <testcase classname="com.nitara.CattleRegistration.RegisterCalfCattle" name="Registerwithoutyearofbirth" time="0.0">
    <ignored/>
  </testcase> <!-- Registerwithoutyearofbirth -->
  <testcase classname="com.nitara.CattleRegistration.RegisterMilkingOrDryCattle" name="milkingCattleMaximumAge" time="0.0">
    <ignored/>
  </testcase> <!-- milkingCattleMaximumAge -->
  <testcase classname="com.nitara.VaccinationManagement.AddVaccination" name="brucellosisOnMaleCattle" time="0.0">
    <ignored/>
  </testcase> <!-- brucellosisOnMaleCattle -->
  <testcase classname="com.nitara.DiseasePredictor.ReportDisease" name="ReportDiseaseforinvalidcattle" time="0.0">
    <ignored/>
  </testcase> <!-- ReportDiseaseforinvalidcattle -->
  <testcase classname="com.nitara.CattleRegistration.RegisterHeiferCattle" name="heiferShedGroupDataNotCorrect" time="0.0">
    <ignored/>
  </testcase> <!-- heiferShedGroupDataNotCorrect -->
  <testcase classname="com.nitara.UserLogin.UserLoginNew" name="loginwithInvalidPassword" time="0.0">
    <ignored/>
  </testcase> <!-- loginwithInvalidPassword -->
  <testcase classname="com.nitara.CattleRegistration.RegisterBullCattle" name="Registerwithmorethan25yeardsofage" time="0.0">
    <ignored/>
  </testcase> <!-- Registerwithmorethan25yeardsofage -->
  <testcase classname="com.nitara.CattleRegistration.RegisterCalfCattle" name="Registerwithemptytagnumber" time="0.0">
    <ignored/>
  </testcase> <!-- Registerwithemptytagnumber -->
  <testcase classname="com.nitara.CattleRegistration.RegisterHeiferCattle" name="heiferMaximumAge" time="0.0">
    <ignored/>
  </testcase> <!-- heiferMaximumAge -->
  <testcase classname="com.nitara.CattleRegistration.RegisterBullCattle" name="Registerwithlessthan6monthsofage" time="0.0">
    <ignored/>
  </testcase> <!-- Registerwithlessthan6monthsofage -->
  <testcase classname="com.nitara.CattleRegistration.RegisterMilkingOrDryCattle" name="milkingCattleShedGroupDataNotCorrect" time="0.0">
    <ignored/>
  </testcase> <!-- milkingCattleShedGroupDataNotCorrect -->
  <testcase classname="com.nitara.CattleRegistration.RegisterHeiferCattle" name="heiferMandatoryFields" time="0.0">
    <ignored/>
  </testcase> <!-- heiferMandatoryFields -->
  <testcase classname="com.nitara.CattleRegistration.RegisterMilkingOrDryCattle" name="milkingCattleTagNumbersExceedLength" time="0.0">
    <ignored/>
  </testcase> <!-- milkingCattleTagNumbersExceedLength -->
  <testcase classname="com.nitara.CattleRegistration.RegisterMilkingOrDryCattle" name="milkingCattleDryActivity" time="0.0">
    <ignored/>
  </testcase> <!-- milkingCattleDryActivity -->
  <testcase classname="com.nitara.UserLogin.UserLoginNew" name="loginwithInvalidPhone" time="0.0">
    <ignored/>
  </testcase> <!-- loginwithInvalidPhone -->
  <testcase classname="com.nitara.CattleRegistration.RegisterHeiferCattle" name="heiferTagNumbersAlreadyExist" time="0.0">
    <ignored/>
  </testcase> <!-- heiferTagNumbersAlreadyExist -->
  <testcase classname="com.nitara.CattleRegistration.RegisterMilkingOrDryCattle" name="milkingCattleDryPeriodBeforeCalving" time="0.0">
    <ignored/>
  </testcase> <!-- milkingCattleDryPeriodBeforeCalving -->
  <testcase classname="com.nitara.CattleRegistration.RegisterCalfCattle" name="Registerwithoutphotos" time="0.0">
    <ignored/>
  </testcase> <!-- Registerwithoutphotos -->
  <testcase classname="com.nitara.CattleRegistration.RegisterBullCattle" name="Registerwithduplicatetagnumber" time="0.0">
    <ignored/>
  </testcase> <!-- Registerwithduplicatetagnumber -->
  <testcase classname="com.nitara.CattleRegistration.RegisterCalfCattle" name="Registerwithduplicatetagnumber" time="0.0">
    <ignored/>
  </testcase> <!-- Registerwithduplicatetagnumber -->
  <testcase classname="com.nitara.CattleRegistration.RegisterBullCattle" name="Registerwithoutphotos" time="0.0">
    <ignored/>
  </testcase> <!-- Registerwithoutphotos -->
  <testcase classname="com.nitara.UserLogin.UserLoginNew" name="loginwithBlankCredentials" time="0.0">
    <ignored/>
  </testcase> <!-- loginwithBlankCredentials -->
  <testcase classname="com.nitara.CattleRegistration.RegisterMilkingOrDryCattle" name="inseminationWithin15DaysofCalving" time="0.0">
    <ignored/>
  </testcase> <!-- inseminationWithin15DaysofCalving -->
  <testcase classname="com.nitara.CattleRegistration.RegisterBullCattle" name="Registerwithduplicatecotagnumber" time="0.0">
    <ignored/>
  </testcase> <!-- Registerwithduplicatecotagnumber -->
  <testcase classname="com.nitara.CattleRegistration.RegisterMilkingOrDryCattle" name="milkingCattleMinimumAge" time="0.0">
    <ignored/>
  </testcase> <!-- milkingCattleMinimumAge -->
  <testcase classname="com.nitara.CattleRegistration.RegisterBullCattle" name="registerwithemptytagnumbers" time="0.0">
    <ignored/>
  </testcase> <!-- registerwithemptytagnumbers -->
</testsuite> <!-- Regression 1 -->
