<?xml version="1.0" encoding="UTF-8"?>
<!-- Generated by org.testng.reporters.JUnitXMLReporter -->
<testsuite ignored="94" hostname="DESKTOP-OB1OE1J" failures="3" tests="146" name="Smoke Testcases" time="134.943" errors="0" timestamp="2021-08-09T12:01:34 IST">
  <testcase classname="com.nitara.base.GenericBase" name="@BeforeMethod getUserAuthenticationToken" time="0.188">
    <failure type="io.restassured.path.json.exception.JsonPathException" message="Failed to parse the JSON document">
      <![CDATA[io.restassured.path.json.exception.JsonPathException: Failed to parse the JSON document
at io.restassured.path.json.JsonPath$ExceptionCatcher.invoke(JsonPath.java:930)
at io.restassured.path.json.JsonPath$4.doParseWith(JsonPath.java:895)
at io.restassured.path.json.JsonPath$JsonParser.parseWith(JsonPath.java:975)
at io.restassured.path.json.JsonPath.get(JsonPath.java:201)
at com.nitara.base.GenericBase.getUserAuthenticationToken(GenericBase.java:84)
at java.base/java.util.ArrayList.forEach(ArrayList.java:1511)
Caused by: groovy.json.JsonException: Lexing failed on line: 1, column: 1, while reading 'D', no possible valid JSON value or punctuation could be recognized.
at groovy.json.JsonLexer.nextToken(JsonLexer.java:83)
at groovy.json.JsonLexer$nextToken.call(Unknown Source)
at io.restassured.internal.path.json.ConfigurableJsonSlurper.parse(ConfigurableJsonSlurper.groovy:97)
at io.restassured.internal.path.json.ConfigurableJsonSlurper$parse.callCurrent(Unknown Source)
at io.restassured.internal.path.json.ConfigurableJsonSlurper.parseText(ConfigurableJsonSlurper.groovy:83)
at io.restassured.path.json.JsonPath$4$1.method(JsonPath.java:893)
at io.restassured.path.json.JsonPath$ExceptionCatcher.invoke(JsonPath.java:928)
... 36 more
... Removed 31 stack frames]]>
    </failure>
  </testcase> <!-- @BeforeMethod getUserAuthenticationToken -->
  <testcase classname="com.nitara.base.GenericBase" name="@BeforeMethod getUserAuthenticationToken" time="0.292">
    <failure type="io.restassured.path.json.exception.JsonPathException" message="Failed to parse the JSON document">
      <![CDATA[io.restassured.path.json.exception.JsonPathException: Failed to parse the JSON document
at io.restassured.path.json.JsonPath$ExceptionCatcher.invoke(JsonPath.java:930)
at io.restassured.path.json.JsonPath$4.doParseWith(JsonPath.java:895)
at io.restassured.path.json.JsonPath$JsonParser.parseWith(JsonPath.java:975)
at io.restassured.path.json.JsonPath.get(JsonPath.java:201)
at com.nitara.base.GenericBase.getUserAuthenticationToken(GenericBase.java:84)
at java.base/java.util.ArrayList.forEach(ArrayList.java:1511)
Caused by: groovy.json.JsonException: Lexing failed on line: 1, column: 1, while reading 'D', no possible valid JSON value or punctuation could be recognized.
at groovy.json.JsonLexer.nextToken(JsonLexer.java:83)
at groovy.json.JsonLexer$nextToken.call(Unknown Source)
at io.restassured.internal.path.json.ConfigurableJsonSlurper.parse(ConfigurableJsonSlurper.groovy:97)
at io.restassured.internal.path.json.ConfigurableJsonSlurper$parse.callCurrent(Unknown Source)
at io.restassured.internal.path.json.ConfigurableJsonSlurper.parseText(ConfigurableJsonSlurper.groovy:83)
at io.restassured.path.json.JsonPath$4$1.method(JsonPath.java:893)
at io.restassured.path.json.JsonPath$ExceptionCatcher.invoke(JsonPath.java:928)
... 35 more
... Removed 30 stack frames]]>
    </failure>
  </testcase> <!-- @BeforeMethod getUserAuthenticationToken -->
  <testcase classname="com.nitara.base.GenericBase" name="@BeforeMethod getUserAuthenticationToken" time="0.21">
    <failure type="io.restassured.path.json.exception.JsonPathException" message="Failed to parse the JSON document">
      <![CDATA[io.restassured.path.json.exception.JsonPathException: Failed to parse the JSON document
at io.restassured.path.json.JsonPath$ExceptionCatcher.invoke(JsonPath.java:930)
at io.restassured.path.json.JsonPath$4.doParseWith(JsonPath.java:895)
at io.restassured.path.json.JsonPath$JsonParser.parseWith(JsonPath.java:975)
at io.restassured.path.json.JsonPath.get(JsonPath.java:201)
at com.nitara.base.GenericBase.getUserAuthenticationToken(GenericBase.java:84)
at java.base/java.util.ArrayList.forEach(ArrayList.java:1511)
Caused by: groovy.json.JsonException: Lexing failed on line: 1, column: 1, while reading 'D', no possible valid JSON value or punctuation could be recognized.
at groovy.json.JsonLexer.nextToken(JsonLexer.java:83)
at groovy.json.JsonLexer$nextToken.call(Unknown Source)
at io.restassured.internal.path.json.ConfigurableJsonSlurper.parse(ConfigurableJsonSlurper.groovy:97)
at io.restassured.internal.path.json.ConfigurableJsonSlurper$parse.callCurrent(Unknown Source)
at io.restassured.internal.path.json.ConfigurableJsonSlurper.parseText(ConfigurableJsonSlurper.groovy:83)
at io.restassured.path.json.JsonPath$4$1.method(JsonPath.java:893)
at io.restassured.path.json.JsonPath$ExceptionCatcher.invoke(JsonPath.java:928)
... 35 more
... Removed 30 stack frames]]>
    </failure>
  </testcase> <!-- @BeforeMethod getUserAuthenticationToken -->
  <testcase classname="com.nitara.base.GenericBase" name="@BeforeMethod getUserAuthenticationToken" time="0.672">
    <failure type="io.restassured.path.json.exception.JsonPathException" message="Failed to parse the JSON document">
      <![CDATA[io.restassured.path.json.exception.JsonPathException: Failed to parse the JSON document
at io.restassured.path.json.JsonPath$ExceptionCatcher.invoke(JsonPath.java:930)
at io.restassured.path.json.JsonPath$4.doParseWith(JsonPath.java:895)
at io.restassured.path.json.JsonPath$JsonParser.parseWith(JsonPath.java:975)
at io.restassured.path.json.JsonPath.get(JsonPath.java:201)
at com.nitara.base.GenericBase.getUserAuthenticationToken(GenericBase.java:84)
at java.base/java.util.ArrayList.forEach(ArrayList.java:1511)
Caused by: groovy.json.JsonException: Lexing failed on line: 1, column: 1, while reading 'D', no possible valid JSON value or punctuation could be recognized.
at groovy.json.JsonLexer.nextToken(JsonLexer.java:83)
at groovy.json.JsonLexer$nextToken.call(Unknown Source)
at io.restassured.internal.path.json.ConfigurableJsonSlurper.parse(ConfigurableJsonSlurper.groovy:97)
at io.restassured.internal.path.json.ConfigurableJsonSlurper$parse.callCurrent(Unknown Source)
at io.restassured.internal.path.json.ConfigurableJsonSlurper.parseText(ConfigurableJsonSlurper.groovy:83)
at io.restassured.path.json.JsonPath$4$1.method(JsonPath.java:893)
at io.restassured.path.json.JsonPath$ExceptionCatcher.invoke(JsonPath.java:928)
... 35 more
... Removed 30 stack frames]]>
    </failure>
  </testcase> <!-- @BeforeMethod getUserAuthenticationToken -->
  <testcase classname="com.nitara.base.GenericBase" name="@BeforeMethod getUserAuthenticationToken" time="0.166">
    <failure type="io.restassured.path.json.exception.JsonPathException" message="Failed to parse the JSON document">
      <![CDATA[io.restassured.path.json.exception.JsonPathException: Failed to parse the JSON document
at io.restassured.path.json.JsonPath$ExceptionCatcher.invoke(JsonPath.java:930)
at io.restassured.path.json.JsonPath$4.doParseWith(JsonPath.java:895)
at io.restassured.path.json.JsonPath$JsonParser.parseWith(JsonPath.java:975)
at io.restassured.path.json.JsonPath.get(JsonPath.java:201)
at com.nitara.base.GenericBase.getUserAuthenticationToken(GenericBase.java:84)
at java.base/java.util.ArrayList.forEach(ArrayList.java:1511)
Caused by: groovy.json.JsonException: Lexing failed on line: 1, column: 1, while reading 'D', no possible valid JSON value or punctuation could be recognized.
at groovy.json.JsonLexer.nextToken(JsonLexer.java:83)
at groovy.json.JsonLexer$nextToken.call(Unknown Source)
at io.restassured.internal.path.json.ConfigurableJsonSlurper.parse(ConfigurableJsonSlurper.groovy:97)
at io.restassured.internal.path.json.ConfigurableJsonSlurper$parse.callCurrent(Unknown Source)
at io.restassured.internal.path.json.ConfigurableJsonSlurper.parseText(ConfigurableJsonSlurper.groovy:83)
at io.restassured.path.json.JsonPath$4$1.method(JsonPath.java:893)
at io.restassured.path.json.JsonPath$ExceptionCatcher.invoke(JsonPath.java:928)
... 35 more
... Removed 30 stack frames]]>
    </failure>
  </testcase> <!-- @BeforeMethod getUserAuthenticationToken -->
  <testcase classname="com.nitara.base.GenericBase" name="@BeforeMethod getUserAuthenticationToken" time="0.499">
    <failure type="io.restassured.path.json.exception.JsonPathException" message="Failed to parse the JSON document">
      <![CDATA[io.restassured.path.json.exception.JsonPathException: Failed to parse the JSON document
at io.restassured.path.json.JsonPath$ExceptionCatcher.invoke(JsonPath.java:930)
at io.restassured.path.json.JsonPath$4.doParseWith(JsonPath.java:895)
at io.restassured.path.json.JsonPath$JsonParser.parseWith(JsonPath.java:975)
at io.restassured.path.json.JsonPath.get(JsonPath.java:201)
at com.nitara.base.GenericBase.getUserAuthenticationToken(GenericBase.java:84)
at java.base/java.util.ArrayList.forEach(ArrayList.java:1511)
Caused by: groovy.json.JsonException: Lexing failed on line: 1, column: 1, while reading 'D', no possible valid JSON value or punctuation could be recognized.
at groovy.json.JsonLexer.nextToken(JsonLexer.java:83)
at groovy.json.JsonLexer$nextToken.call(Unknown Source)
at io.restassured.internal.path.json.ConfigurableJsonSlurper.parse(ConfigurableJsonSlurper.groovy:97)
at io.restassured.internal.path.json.ConfigurableJsonSlurper$parse.callCurrent(Unknown Source)
at io.restassured.internal.path.json.ConfigurableJsonSlurper.parseText(ConfigurableJsonSlurper.groovy:83)
at io.restassured.path.json.JsonPath$4$1.method(JsonPath.java:893)
at io.restassured.path.json.JsonPath$ExceptionCatcher.invoke(JsonPath.java:928)
... 35 more
... Removed 30 stack frames]]>
    </failure>
  </testcase> <!-- @BeforeMethod getUserAuthenticationToken -->
  <testcase classname="com.nitara.MasterData.GetCattleAgeTypeMasterData" name="GetCattleAgeTypeMasterDataInEnglish" time="0.092"/>
  <testcase classname="com.nitara.MasterData.GetCattleTypeMaster" name="GetCattleTypeMasterInEnglish" time="0.07"/>
  <testcase classname="com.nitara.MasterData.GetPdProcessMasterData" name="GetPdProcessMasterDataInEnglish" time="0.293"/>
  <testcase classname="com.nitara.MasterData.GetA1A2TypeMasterData" name="GetAllA1A2TypeMasterDataInEnglish" time="0.057"/>
  <testcase classname="com.nitara.MasterData.GetBreedMasterData" name="GetBreedMasterDataInEnglish" time="0.191"/>
  <testcase classname="com.nitara.MasterData.GetCountryCodeMasterData" name="GetVaccinationTypeMasterDataInEnglish" time="0.064"/>
  <testcase classname="com.nitara.MasterData.GetDewormerMasterData" name="GetDewormerMasterDataInEnglish" time="0.248"/>
  <testcase classname="com.nitara.MasterData.GetExpenseMasterData" name="GetExpenseMasterDataInEnglish" time="0.235"/>
  <testcase classname="com.nitara.MasterData.GetGenderTypeMasterData" name="GetGenderTypeMasterDataInEnglish" time="0.062"/>
  <testcase classname="com.nitara.MasterData.GetGroupMasterData" name="GetGroupTypeMasterDataInEnglish" time="0.083"/>
  <testcase classname="com.nitara.MasterData.GetGroupTypeMasterData" name="GetGroupTypeMasterDataInEnglish" time="0.052"/>
  <testcase classname="com.nitara.MasterData.GetIDProofMasterData" name="GetIDProofMasterDataInEnglish" time="0.059"/>
  <testcase classname="com.nitara.MasterData.GetMilkingSessionMasterData" name="GetMilkingSessionMasterDataInEnglish" time="0.051"/>
  <testcase classname="com.nitara.MasterData.GetSemenBrandMasterData" name="GetSemenBrandMasterDataInEnglish" time="0.286"/>
  <testcase classname="com.nitara.MasterData.GetUnitMasterData" name="GetUnitMasterDataInEnglish" time="0.0">
    <skipped/>
  </testcase> <!-- GetUnitMasterDataInEnglish -->
  <testcase classname="com.nitara.MasterData.GetUserRolesMasterData" name="GetUserRolesMasterDataInEnglish" time="0.062"/>
  <testcase classname="com.nitara.MasterData.GetVaccinationTypeMasterData" name="GetVaccinationTypeMasterDataInEnglish" time="0.254"/>
  <testcase classname="com.nitara.MasterData.GetRevenueMasterData" name="GetRevenueMasterDataInEnglish" time="0.073"/>
  <testcase classname="com.nitara.PermissionManagement.GetAllUsersAndRoles" name="getAllUsersAndRoles" time="0.13"/>
  <testcase classname="com.nitara.AccountManagement.GetActivityHistory" name="getActivityHistory" time="0.0">
    <skipped/>
  </testcase> <!-- getActivityHistory -->
  <testcase classname="com.nitara.AccountManagement.GetAllActiveDevices" name="getAllActiveDevices" time="0.145"/>
  <testcase classname="com.nitara.AccountManagement.GetAllLoggedInDevices" name="getAllLoggedInDevices" time="0.08"/>
  <testcase classname="com.nitara.AccountManagement.GetUserRoles" name="getUserRoles" time="0.296"/>
  <testcase classname="com.nitara.UserPreferenceManagement.GetUserMilkingPreferences" name="getMilkingPreferences" time="0.062"/>
  <testcase classname="com.nitara.UserPreferenceManagement.SetUserMilkingPreferences" name="setUserMilkingPreferences" time="0.0">
    <skipped/>
  </testcase> <!-- setUserMilkingPreferences -->
  <testcase classname="com.nitara.UserPreferenceManagement.GetUserInsurancePreferences" name="getUserInsurancePreferences" time="0.0">
    <skipped/>
  </testcase> <!-- getUserInsurancePreferences -->
  <testcase classname="com.nitara.UserPreferenceManagement.SetUserInsurancePreferences" name="setInsurancePreference" time="0.378"/>
  <testcase classname="com.nitara.UserPreferenceManagement.GetUserHealthPreferences" name="getUserHealthPreferences" time="0.0">
    <skipped/>
  </testcase> <!-- getUserHealthPreferences -->
  <testcase classname="com.nitara.UserPreferenceManagement.SetUserHealthPreferences" name="SetHealthPreferences" time="0.486"/>
  <testcase classname="com.nitara.UserPreferenceManagement.GetUserServicesPreferences" name="getUserServicesPreferences" time="0.064"/>
  <testcase classname="com.nitara.UserPreferenceManagement.SetUserServicesPreferences" name="SetServicesPreferences" time="0.0">
    <skipped/>
  </testcase> <!-- SetServicesPreferences -->
  <testcase classname="com.nitara.UserPreferenceManagement.GetUserBreedingPreferences" name="getUserBreedingPreferences" time="0.069"/>
  <testcase classname="com.nitara.UserPreferenceManagement.SetUserBreedingPreferences" name="SetBreedingPreferences" time="0.244"/>
  <testcase classname="com.nitara.UserRegistration.RegisterUser" name="registerUser" time="1.569"/>
  <testcase classname="com.nitara.AccountManagement.RegisterFarm" name="RegisterNewFarmSP" time="1.769"/>
  <testcase classname="com.nitara.PermissionManagement.AddNewUser" name="addNewUserDetails" time="1.152"/>
  <testcase classname="com.nitara.PermissionManagement.GetUserDetails" name="getUserDetails" time="0.124"/>
  <testcase classname="com.nitara.PermissionManagement.UpdateUserDetails" name="updateUserDetails" time="0.945"/>
  <testcase classname="com.nitara.PermissionManagement.VerifyUserExists" name="verifyUserExists" time="0.103"/>
  <testcase classname="com.nitara.AccountManagement.UpdateUserProfile" name="updateUserProfile" time="0.07"/>
  <testcase classname="com.nitara.UserLogin.LoginWithOtp" name="loginWithOtp" time="0.5"/>
  <testcase classname="com.nitara.UserLogin.GenerateOtpForLogin" name="generateOtpForLogin" time="0.524"/>
  <testcase classname="com.nitara.KYCManagement.SubmitKYCDetails" name="submitKYCDetails" time="0.935"/>
  <testcase classname="com.nitara.KYCManagement.RejectKYCDetails" name="rejectKYCDetails" time="1.069"/>
  <testcase classname="com.nitara.KYCManagement.ApproveKYCDetails" name="approveKYCDetails" time="0.928"/>
  <testcase classname="com.nitara.KYCManagement.GetKycVerificationStatus" name="getKycVerificationStatus" time="0.266"/>
  <testcase classname="com.nitara.KYCManagement.GetAllPendingKYCDetails" name="getAllPendingKYCDetails" time="0.505"/>
  <testcase classname="com.nitara.HousingManagement.AddSmartShed" name="addSmartShed" time="0.371"/>
  <testcase classname="com.nitara.HousingManagement.AddSmartGroup" name="addSmartGroup" time="0.078"/>
  <testcase classname="com.nitara.HousingManagement.AddUserDefinedShed" name="addUserDefinedShed" time="0.105"/>
  <testcase classname="com.nitara.HousingManagement.AddUserDefinedGroup" name="addUserDefinedGroup" time="0.109"/>
  <testcase classname="com.nitara.HousingManagement.DeleteGroup" name="deleteGroup" time="0.31"/>
  <testcase classname="com.nitara.FarmManagement.AddExpense" name="addExpense" time="0.169"/>
  <testcase classname="com.nitara.FarmManagement.AddRevenue" name="addRevenue" time="0.119"/>
  <testcase classname="com.nitara.FarmManagement.AddExpenseCategories" name="addExpenseCategories" time="0.0"/>
  <testcase classname="com.nitara.FarmManagement.AddRevenueCatergories" name="addRevenueCatergories" time="0.001"/>
  <testcase classname="com.nitara.AccountManagement.RemoveProfilePic" name="removeProfilePic" time="0.398"/>
  <testcase classname="com.nitara.AccountManagement.UpdateProfilePic" name="updateProfilePic" time="0.248"/>
  <testcase classname="com.nitara.AccountManagement.ViewProfilePic" name="viewProfilePic" time="0.082"/>
  <testcase classname="com.nitara.UserLogin.ChangePassword" name="changePassword" time="0.001"/>
  <testcase classname="com.nitara.UserLogin.ForgotPassword" name="forgotPassword" time="0.0"/>
  <testcase classname="com.nitara.UserLogin.ResendOTP" name="resendOTP" time="0.138"/>
  <testcase classname="com.nitara.UserLogin.ResendVoiceOTP" name="resendVoiceOTP" time="0.605"/>
  <testcase classname="com.nitara.UserLogin.Logout" name="logout" time="0.1"/>
  <testcase classname="com.nitara.CattleRegistration.RegisterHeiferCattle" name="registerHeiferCattle" time="0.283"/>
  <testcase classname="com.nitara.CattleRegistration.RegisterCalfCattle" name="registerCalf" time="0.235"/>
  <testcase classname="com.nitara.CattleRegistration.RegisterMilkingOrDryCattle" name="registerMilkingOrDryCattle" time="0.535"/>
  <testcase classname="com.nitara.CattleDetails.ViewCattleBreedingActivity" name="viewCattleBreedingActivity" time="0.141"/>
  <testcase classname="com.nitara.AccountManagement.ViewFarmerHomePage" name="viewFarmerHomePage" time="1.263"/>
  <testcase classname="com.nitara.HeatManagement.AddHeat" name="AddHeat_Data" time="0.616"/>
  <testcase classname="com.nitara.HeatManagement.UpdateHeat" name="updateHeat" time="1.228"/>
  <testcase classname="com.nitara.HeatManagement.DeleteHeat" name="deleteHeat" time="0.44"/>
  <testcase classname="com.nitara.InseminationManagement.AddInsemination" name="AddInseminationData" time="0.52"/>
  <testcase classname="com.nitara.InseminationManagement.UpdateInsemination" name="updateInsemination" time="0.615"/>
  <testcase classname="com.nitara.InseminationManagement.DeleteInsemination" name="deleteInsemination" time="0.92"/>
  <testcase classname="com.nitara.InseminationManagement.AddInseminationByServiceProvider" name="addInseminationByServiceProvider" time="0.817"/>
  <testcase classname="com.nitara.PDManagement.AddPD" name="addPD" time="0.45"/>
  <testcase classname="com.nitara.PDManagement.UpdatePD" name="updatePD" time="0.599"/>
  <testcase classname="com.nitara.DryPeriodManagement.AddDryPeriod" name="addDryPeriod" time="0.609"/>
  <testcase classname="com.nitara.DryPeriodManagement.UpdateDryPeriod" name="addDryPeriod" time="0.443"/>
  <testcase classname="com.nitara.CalvingManagement.AddCalving" name="AddCalvingData" time="0.444"/>
  <testcase classname="com.nitara.CalvingManagement.UpdateCalving" name="updateCalving" time="0.694"/>
  <testcase classname="com.nitara.CalvingManagement.DeleteCalving" name="deleteCalving" time="0.594"/>
  <testcase classname="com.nitara.DryPeriodManagement.DeleteDryPeriod" name="deleteDryPeriod" time="0.537"/>
  <testcase classname="com.nitara.PDManagement.DeletePD" name="deletePD" time="0.73"/>
  <testcase classname="com.nitara.CattleRegistration.RegisterBullCattle" name="registerBullCattle" time="0.298"/>
  <testcase classname="com.nitara.CattleManagement.AddBcs" name="addBcsDetails" time="0.808"/>
  <testcase classname="com.nitara.CattleManagement.UpdateBcs" name="updateBcs" time="0.629"/>
  <testcase classname="com.nitara.CattleManagement.ViewBcsData" name="viewBcsData" time="0.117"/>
  <testcase classname="com.nitara.CattleManagement.DeleteBcs" name="deleteBcs" time="0.492"/>
  <testcase classname="com.nitara.Treatment.AddTreatment" name="addTreatment" time="1.7"/>
  <testcase classname="com.nitara.Treatment.UpdateTreatment" name="updateTreatment" time="0.787"/>
  <testcase classname="com.nitara.Treatment.ViewTreatmentData" name="viewTreatmentData" time="3.374"/>
  <testcase classname="com.nitara.FollowUp.AddFollowUp" name="AddFollowUpDetails" time="0.887">
    <failure type="java.lang.AssertionError" message="expected [400] but found [200]">
      <![CDATA[java.lang.AssertionError: expected [400] but found [200]
at com.nitara.FollowUp.AddFollowUp.AddFollowUpDetails(AddFollowUp.java:66)
at java.base/java.util.ArrayList.forEach(ArrayList.java:1511)
... Removed 33 stack frames]]>
    </failure>
  </testcase> <!-- AddFollowUpDetails -->
  <testcase classname="com.nitara.FollowUp.UpdateFollowUp" name="UpdateFollowUpDetails" time="0.502">
    <failure type="java.lang.AssertionError" message="expected [400] but found [200]">
      <![CDATA[java.lang.AssertionError: expected [400] but found [200]
at com.nitara.FollowUp.UpdateFollowUp.UpdateFollowUpDetails(UpdateFollowUp.java:53)
at java.base/java.util.ArrayList.forEach(ArrayList.java:1511)
... Removed 33 stack frames]]>
    </failure>
  </testcase> <!-- UpdateFollowUpDetails -->
  <testcase classname="com.nitara.FollowUp.DeleteFollowUp" name="deleteFollowUp" time="0.143">
    <failure type="java.lang.AssertionError" message="expected [400] but found [200]">
      <![CDATA[java.lang.AssertionError: expected [400] but found [200]
at com.nitara.FollowUp.DeleteFollowUp.deleteFollowUp(DeleteFollowUp.java:38)
at java.base/java.util.ArrayList.forEach(ArrayList.java:1511)
... Removed 33 stack frames]]>
    </failure>
  </testcase> <!-- deleteFollowUp -->
  <testcase classname="com.nitara.Treatment.DeleteTreatment" name="deleteTreatment" time="0.431"/>
  <testcase classname="com.nitara.CattleManagement.AddInsurance" name="addInsurance" time="0.382"/>
  <testcase classname="com.nitara.CattleManagement.ViewInsuranceData" name="viewInsuranceData" time="0.204"/>
  <testcase classname="com.nitara.VaccinationManagement.AddVaccination" name="addVaccination" time="0.538"/>
  <testcase classname="com.nitara.VaccinationManagement.ViewVaccinationData" name="viewVaccinationData" time="0.65"/>
  <testcase classname="com.nitara.VaccinationManagement.DeleteVaccination" name="deleteVaccination" time="0.406"/>
  <testcase classname="com.nitara.WeightManagement.AddWeightByGirth" name="AddWeight_ByGirth" time="1.129"/>
  <testcase classname="com.nitara.WeightManagement.UpdateWeight" name="updateWeight" time="1.428"/>
  <testcase classname="com.nitara.WeightManagement.ViewWeightData" name="viewWeightData" time="0.231"/>
  <testcase classname="com.nitara.WeightManagement.DeleteWeight" name="deleteWeight" time="1.373"/>
  <testcase classname="com.nitara.WeightManagement.AddWeightDirect" name="addWeightDirect" time="1.187"/>
  <testcase classname="com.nitara.DewormingManagement.AddDeworming" name="addDeworming" time="0.573"/>
  <testcase classname="com.nitara.DewormingManagement.UpdateDeworming" name="updateDeworming" time="0.412"/>
  <testcase classname="com.nitara.DewormingManagement.ViewDewormingData" name="viewDewormingData" time="0.301"/>
  <testcase classname="com.nitara.DewormingManagement.DeleteDeworming" name="deleteDeworming" time="0.469"/>
  <testcase classname="com.nitara.CattleManagement.UpdateCattleProfile" name="updateCattleProfile" time="0.215"/>
  <testcase classname="com.nitara.FarmManagement.ViewFarmCattleList" name="viewFarmCattleList" time="2.932"/>
  <testcase classname="com.nitara.FarmManagement.ViewFarmAnalysis" name="viewFarmAnalysis" time="0.812"/>
  <testcase classname="com.nitara.CattleDetails.ViewCattleProfile" name="viewCattleProfile" time="0.508"/>
  <testcase classname="com.nitara.HousingManagement.ViewHousingSuggestions" name="viewHousingSuggestions" time="0.725"/>
  <testcase classname="com.nitara.CattleDetails.ViewCattleAnalysis" name="viewCattleAnalysis" time="0.304"/>
  <testcase classname="com.nitara.CattleDetails.ViewAllCattlePhotos" name="viewAllCattlePhotos" time="0.102"/>
  <testcase classname="com.nitara.CattleManagement.AddNewCattleProfilePics" name="addNewCattleProfilePics" time="0.182"/>
  <testcase classname="com.nitara.CattleManagement.DeleteCattleProfilePic" name="deleteCattleProfilePic" time="0.487"/>
  <testcase classname="com.nitara.HousingManagement.AddCattlesToGroup" name="addCattlesToGroup" time="0.476"/>
  <testcase classname="com.nitara.CattleManagement.SearchCattle" name="searchCattle" time="18.0"/>
  <testcase classname="com.nitara.CattleManagement.SearchMilkingCattle" name="SearchMilkingCattleDetails" time="1.315"/>
  <testcase classname="com.nitara.MilkingManagement.AddCattleMilking" name="addCattleMilking" time="1.522"/>
  <testcase classname="com.nitara.MilkingManagement.AddFarmMilking" name="addUserFarmMilking" time="0.608"/>
  <testcase classname="com.nitara.HousingManagement.GetFarmHousing" name="getFarmHousing" time="0.285"/>
  <testcase classname="com.nitara.FarmManagement.UpdateExpenses" name="updateExpense" time="0.28"/>
  <testcase classname="com.nitara.FarmManagement.UpdateRevenue" name="updateRevenue" time="0.122"/>
  <testcase classname="com.nitara.FarmManagement.ViewRevenue" name="viewRevenue" time="0.3"/>
  <testcase classname="com.nitara.FarmManagement.ViewExpense" name="viewExpense" time="0.261"/>
  <testcase classname="com.nitara.FarmManagement.DeleteRevenue" name="deleteRevenue" time="0.184"/>
  <testcase classname="com.nitara.FarmManagement.DeleteExpense" name="deleteExpense" time="0.119"/>
  <testcase classname="com.nitara.FarmManagement.GetFarmMetadata" name="getFarmMetadata" time="0.711"/>
  <testcase classname="com.nitara.FarmManagement.SearchFarm" name="searchFarm" time="1.027"/>
  <testcase classname="com.nitara.UserLogin.UserLoginNew" name="userLoginwithValidData on {}" time="0.414"/>
  <testcase classname="com.nitara.PermissionManagement.RemoveUser" name="removeUser" time="0.001"/>
  <testcase classname="com.nitara.MasterData.GetAllMasterData" name="getAllMasterData" time="0.339"/>
  <testcase classname="com.nitara.DiseasePredictor.GetAllDiseases" name="GetAllDiseases" time="0.487"/>
  <testcase classname="com.nitara.DiseasePredictor.GetAllSymptoms" name="GetAllSymptoms" time="0.206"/>
  <testcase classname="com.nitara.DiseasePredictor.GetCategories" name="getCategories" time="0.219"/>
  <testcase classname="com.nitara.DiseasePredictor.GetDiseases" name="GetDiseases" time="0.377"/>
  <testcase classname="com.nitara.DiseasePredictor.GetPreventions" name="GetTreatments" time="0.27"/>
  <testcase classname="com.nitara.DiseasePredictor.GetSymptoms" name="GetSymptoms" time="0.08"/>
  <testcase classname="com.nitara.DiseasePredictor.GetTreatments" name="GetTreatments" time="0.2"/>
  <testcase classname="com.nitara.DiseasePredictor.ReportDisease" name="ReportDisease" time="0.167"/>
  <testcase classname="com.nitara.CattleManagement.RemoveCattle" name="RemoveCattleDetails" time="0.323"/>
  <testcase classname="com.nitara.CattleRegistration.RegisterHeiferCattle" name="heiferInseminationMinimumAge" time="0.0">
    <ignored/>
  </testcase> <!-- heiferInseminationMinimumAge -->
  <testcase classname="com.nitara.PDManagement.DeletePD" name="deletePDwhenOtherBreedingActivitiesareAdded" time="0.0">
    <ignored/>
  </testcase> <!-- deletePDwhenOtherBreedingActivitiesareAdded -->
  <testcase classname="com.nitara.CattleRegistration.RegisterMilkingOrDryCattle" name="milkingCattleCoopTagNumbersAlreadyExist" time="0.0">
    <ignored/>
  </testcase> <!-- milkingCattleCoopTagNumbersAlreadyExist -->
  <testcase classname="com.nitara.CattleRegistration.RegisterCalfCattle" name="Registerwithduplicatecotagnumber" time="0.0">
    <ignored/>
  </testcase> <!-- Registerwithduplicatecotagnumber -->
  <testcase classname="com.nitara.CattleRegistration.RegisterMilkingOrDryCattle" name="milkingCattleTagNumbersAlreadyExist" time="0.0">
    <ignored/>
  </testcase> <!-- milkingCattleTagNumbersAlreadyExist -->
  <testcase classname="com.nitara.Treatment.DeleteTreatment" name="deleteTreatmentTwice" time="0.0">
    <ignored/>
  </testcase> <!-- deleteTreatmentTwice -->
  <testcase classname="com.nitara.InseminationManagement.AddInsemination" name="AddInseminationBeforeLastHeat" time="0.0">
    <ignored/>
  </testcase> <!-- AddInseminationBeforeLastHeat -->
  <testcase classname="com.nitara.Treatment.DeleteTreatment" name="treatmentdoesntExist" time="0.0">
    <ignored/>
  </testcase> <!-- treatmentdoesntExist -->
  <testcase classname="com.nitara.VaccinationManagement.AddVaccination" name="addVaccinationFutureDate" time="0.0">
    <ignored/>
  </testcase> <!-- addVaccinationFutureDate -->
  <testcase classname="com.nitara.CattleRegistration.RegisterMilkingOrDryCattle" name="milkingCattleMandatoryFields" time="0.0">
    <ignored/>
  </testcase> <!-- milkingCattleMandatoryFields -->
  <testcase classname="com.nitara.WeightManagement.AddWeightDirect" name="AddWeightDirectConsecutiveDatesError" time="0.0">
    <ignored/>
  </testcase> <!-- AddWeightDirectConsecutiveDatesError -->
  <testcase classname="com.nitara.CattleRegistration.RegisterHeiferCattle" name="heiferPDActivity" time="0.0">
    <ignored/>
  </testcase> <!-- heiferPDActivity -->
  <testcase classname="com.nitara.InseminationManagement.AddInseminationByServiceProvider" name="addNewInseminationDataAfterPregnantPDResult" time="0.0">
    <ignored/>
  </testcase> <!-- addNewInseminationDataAfterPregnantPDResult -->
  <testcase classname="com.nitara.CattleRegistration.RegisterHeiferCattle" name="heiferTagNumbersExceedLength" time="0.0">
    <ignored/>
  </testcase> <!-- heiferTagNumbersExceedLength -->
  <testcase classname="com.nitara.HeatManagement.AddHeat" name="addNewHeatDataWithin15DaysofCalving" time="0.0">
    <ignored/>
  </testcase> <!-- addNewHeatDataWithin15DaysofCalving -->
  <testcase classname="com.nitara.UserLogin.UserLoginNew" name="farmerLoginWithSPkey" time="0.0">
    <ignored/>
  </testcase> <!-- farmerLoginWithSPkey -->
  <testcase classname="com.nitara.Treatment.UpdateTreatment" name="followUpAfterRequired" time="0.0">
    <ignored/>
  </testcase> <!-- followUpAfterRequired -->
  <testcase classname="com.nitara.WeightManagement.AddWeightDirect" name="AddWeightDirectMaxiWeight" time="0.0">
    <ignored/>
  </testcase> <!-- AddWeightDirectMaxiWeight -->
  <testcase classname="com.nitara.CattleRegistration.RegisterMilkingOrDryCattle" name="milkingCattleMaximumAge" time="0.0">
    <ignored/>
  </testcase> <!-- milkingCattleMaximumAge -->
  <testcase classname="com.nitara.DiseasePredictor.ReportDisease" name="ReportDiseaseforinvalidcattle" time="0.0">
    <ignored/>
  </testcase> <!-- ReportDiseaseforinvalidcattle -->
  <testcase classname="com.nitara.HeatManagement.AddHeat" name="addNewHeatDataAfterPregnantPDResult" time="0.0">
    <ignored/>
  </testcase> <!-- addNewHeatDataAfterPregnantPDResult -->
  <testcase classname="com.nitara.UserLogin.UserLoginNew" name="loginwithInvalidPassword" time="0.0">
    <ignored/>
  </testcase> <!-- loginwithInvalidPassword -->
  <testcase classname="com.nitara.CattleRegistration.RegisterCalfCattle" name="Registerwithemptytagnumber" time="0.0">
    <ignored/>
  </testcase> <!-- Registerwithemptytagnumber -->
  <testcase classname="com.nitara.InseminationManagement.AddInsemination" name="AddInseminationwithFutureDate" time="0.0">
    <ignored/>
  </testcase> <!-- AddInseminationwithFutureDate -->
  <testcase classname="com.nitara.PDManagement.UpdatePD" name="updatePDwithFutureDate" time="0.0">
    <ignored/>
  </testcase> <!-- updatePDwithFutureDate -->
  <testcase classname="com.nitara.WeightManagement.DeleteWeight" name="deleteWeightNoWeightLogs" time="0.0">
    <ignored/>
  </testcase> <!-- deleteWeightNoWeightLogs -->
  <testcase classname="com.nitara.UserLogin.UserLoginNew" name="loginwithInvalidPhone" time="0.0">
    <ignored/>
  </testcase> <!-- loginwithInvalidPhone -->
  <testcase classname="com.nitara.CattleRegistration.RegisterBullCattle" name="Registerwithduplicatetagnumber" time="0.0">
    <ignored/>
  </testcase> <!-- Registerwithduplicatetagnumber -->
  <testcase classname="com.nitara.WeightManagement.UpdateWeight" name="updateWeightBeforePreviouslyAddedDate" time="0.0">
    <ignored/>
  </testcase> <!-- updateWeightBeforePreviouslyAddedDate -->
  <testcase classname="com.nitara.HeatManagement.AddHeat" name="addNewHeatDataWithin14DaysofHeat" time="0.0">
    <ignored/>
  </testcase> <!-- addNewHeatDataWithin14DaysofHeat -->
  <testcase classname="com.nitara.CattleRegistration.RegisterCalfCattle" name="Registerwithduplicatetagnumber" time="0.0">
    <ignored/>
  </testcase> <!-- Registerwithduplicatetagnumber -->
  <testcase classname="com.nitara.UserLogin.UserLoginNew" name="loginwithBlankCredentials" time="0.0">
    <ignored/>
  </testcase> <!-- loginwithBlankCredentials -->
  <testcase classname="com.nitara.CattleRegistration.RegisterMilkingOrDryCattle" name="inseminationWithin15DaysofCalving" time="0.0">
    <ignored/>
  </testcase> <!-- inseminationWithin15DaysofCalving -->
  <testcase classname="com.nitara.Treatment.AddTreatment" name="addTreatmentFutureDate" time="0.0">
    <ignored/>
  </testcase> <!-- addTreatmentFutureDate -->
  <testcase classname="com.nitara.WeightManagement.AddWeightDirect" name="AddWeightDirectBeforePreviouslyAddedDate" time="0.0">
    <ignored/>
  </testcase> <!-- AddWeightDirectBeforePreviouslyAddedDate -->
  <testcase classname="com.nitara.WeightManagement.UpdateWeight" name="updateWeightMaxiWeight" time="0.0">
    <ignored/>
  </testcase> <!-- updateWeightMaxiWeight -->
  <testcase classname="com.nitara.CattleRegistration.RegisterBullCattle" name="Registerwithduplicatecotagnumber" time="0.0">
    <ignored/>
  </testcase> <!-- Registerwithduplicatecotagnumber -->
  <testcase classname="com.nitara.PDManagement.UpdatePD" name="updatePDwhenNoPDavailable" time="0.0">
    <ignored/>
  </testcase> <!-- updatePDwhenNoPDavailable -->
  <testcase classname="com.nitara.WeightManagement.UpdateWeight" name="updateWeightToPreviouslyAddedDate" time="0.0">
    <ignored/>
  </testcase> <!-- updateWeightToPreviouslyAddedDate -->
  <testcase classname="com.nitara.CattleRegistration.RegisterMilkingOrDryCattle" name="milkingCattleMinimumAge" time="0.0">
    <ignored/>
  </testcase> <!-- milkingCattleMinimumAge -->
  <testcase classname="com.nitara.HeatManagement.DeleteHeat" name="noHeatActivityToDelete" time="0.0">
    <ignored/>
  </testcase> <!-- noHeatActivityToDelete -->
  <testcase classname="com.nitara.Treatment.AddTreatment" name="addTreatmentMandatoryField" time="0.0">
    <ignored/>
  </testcase> <!-- addTreatmentMandatoryField -->
  <testcase classname="com.nitara.WeightManagement.AddWeightByGirth" name="AddWeight_ByGirthMinimumWeightCheck" time="0.0">
    <ignored/>
  </testcase> <!-- AddWeight_ByGirthMinimumWeightCheck -->
  <testcase classname="com.nitara.CattleRegistration.RegisterMilkingOrDryCattle" name="milkingCattleYearOfBirthFutureDate" time="0.0">
    <ignored/>
  </testcase> <!-- milkingCattleYearOfBirthFutureDate -->
  <testcase classname="com.nitara.CattleRegistration.RegisterCalfCattle" name="Registerwithmorethan25yearsofage" time="0.0">
    <ignored/>
  </testcase> <!-- Registerwithmorethan25yearsofage -->
  <testcase classname="com.nitara.CattleRegistration.RegisterCalfCattle" name="Registerwithfutureyearofbirth" time="0.0">
    <ignored/>
  </testcase> <!-- Registerwithfutureyearofbirth -->
  <testcase classname="com.nitara.CattleRegistration.RegisterMilkingOrDryCattle" name="milkingCattlePDActivity" time="0.0">
    <ignored/>
  </testcase> <!-- milkingCattlePDActivity -->
  <testcase classname="com.nitara.WeightManagement.AddWeightByGirth" name="AddWeight_TwiceOnSameDay" time="0.0">
    <ignored/>
  </testcase> <!-- AddWeight_TwiceOnSameDay -->
  <testcase classname="com.nitara.InseminationManagement.AddInseminationByServiceProvider" name="addInseminationDataWithin15DaysofCalving" time="0.0">
    <ignored/>
  </testcase> <!-- addInseminationDataWithin15DaysofCalving -->
  <testcase classname="com.nitara.WeightManagement.AddWeightByGirth" name="AddWeight_ByGirthonConsecutiveDates" time="0.0">
    <ignored/>
  </testcase> <!-- AddWeight_ByGirthonConsecutiveDates -->
  <testcase classname="com.nitara.WeightManagement.AddWeightByGirth" name="AddWeight_BeforePreviouslyAddedDate" time="0.0">
    <ignored/>
  </testcase> <!-- AddWeight_BeforePreviouslyAddedDate -->
  <testcase classname="com.nitara.CattleRegistration.RegisterMilkingOrDryCattle" name="milkingCattleCalvingFutureDate" time="0.0">
    <ignored/>
  </testcase> <!-- milkingCattleCalvingFutureDate -->
  <testcase classname="com.nitara.PDManagement.AddPD" name="addPDwithin21DaysofInsemination" time="0.0">
    <ignored/>
  </testcase> <!-- addPDwithin21DaysofInsemination -->
  <testcase classname="com.nitara.UserLogin.UserLoginNew" name="SPLoginWithFarmerkey" time="0.0">
    <ignored/>
  </testcase> <!-- SPLoginWithFarmerkey -->
  <testcase classname="com.nitara.CattleRegistration.RegisterCalfCattle" name="Cooperativenumbershouldbe12digits" time="0.0">
    <ignored/>
  </testcase> <!-- Cooperativenumbershouldbe12digits -->
  <testcase classname="com.nitara.CattleManagement.AddInsurance" name="addInsuranceMandatoryFields" time="0.0">
    <ignored/>
  </testcase> <!-- addInsuranceMandatoryFields -->
  <testcase classname="com.nitara.HeatManagement.UpdateHeat" name="updateHeatwithFutureDate" time="0.0">
    <ignored/>
  </testcase> <!-- updateHeatwithFutureDate -->
  <testcase classname="com.nitara.WeightManagement.AddWeightDirect" name="AddWeightDirectMinWeight" time="0.0">
    <ignored/>
  </testcase> <!-- AddWeightDirectMinWeight -->
  <testcase classname="com.nitara.CattleRegistration.RegisterCalfCattle" name="Registerwithlessthan6monthsofage" time="0.0">
    <ignored/>
  </testcase> <!-- Registerwithlessthan6monthsofage -->
  <testcase classname="com.nitara.CattleRegistration.RegisterBullCattle" name="registerwithoutyearofbirth" time="0.0">
    <ignored/>
  </testcase> <!-- registerwithoutyearofbirth -->
  <testcase classname="com.nitara.CattleRegistration.RegisterHeiferCattle" name="heiferYearOfBirthFutureDate" time="0.0">
    <ignored/>
  </testcase> <!-- heiferYearOfBirthFutureDate -->
  <testcase classname="com.nitara.InseminationManagement.AddInseminationByServiceProvider" name="AddInseminationwithFutureDate" time="0.0">
    <ignored/>
  </testcase> <!-- AddInseminationwithFutureDate -->
  <testcase classname="com.nitara.CattleRegistration.RegisterHeiferCattle" name="heiferCoopTagNumbersAlreadyExist" time="0.0">
    <ignored/>
  </testcase> <!-- heiferCoopTagNumbersAlreadyExist -->
  <testcase classname="com.nitara.CattleRegistration.RegisterCalfCattle" name="Registerwithoutyearofbirth" time="0.0">
    <ignored/>
  </testcase> <!-- Registerwithoutyearofbirth -->
  <testcase classname="com.nitara.InseminationManagement.AddInsemination" name="addIseminationDataWithin15DaysofCalving" time="0.0">
    <ignored/>
  </testcase> <!-- addIseminationDataWithin15DaysofCalving -->
  <testcase classname="com.nitara.WeightManagement.UpdateWeight" name="updateWeightNoWeightLogs" time="0.0">
    <ignored/>
  </testcase> <!-- updateWeightNoWeightLogs -->
  <testcase classname="com.nitara.CattleRegistration.RegisterHeiferCattle" name="heiferShedGroupDataNotCorrect" time="0.0">
    <ignored/>
  </testcase> <!-- heiferShedGroupDataNotCorrect -->
  <testcase classname="com.nitara.Treatment.UpdateTreatment" name="updateTreatmentFutureDate" time="0.0">
    <ignored/>
  </testcase> <!-- updateTreatmentFutureDate -->
  <testcase classname="com.nitara.WeightManagement.AddWeightByGirth" name="AddWeight_ByGirthMaximumWeightCheck" time="0.0">
    <ignored/>
  </testcase> <!-- AddWeight_ByGirthMaximumWeightCheck -->
  <testcase classname="com.nitara.HeatManagement.AddHeat" name="AddHeatDataWithFutureDate" time="0.0">
    <ignored/>
  </testcase> <!-- AddHeatDataWithFutureDate -->
  <testcase classname="com.nitara.Treatment.AddTreatment" name="addMedicineswithoutDosage" time="0.0">
    <ignored/>
  </testcase> <!-- addMedicineswithoutDosage -->
  <testcase classname="com.nitara.CattleRegistration.RegisterBullCattle" name="Registerwithmorethan25yeardsofage" time="0.0">
    <ignored/>
  </testcase> <!-- Registerwithmorethan25yeardsofage -->
  <testcase classname="com.nitara.WeightManagement.ViewWeightData" name="viewWeightManadatoryFields" time="0.0">
    <ignored/>
  </testcase> <!-- viewWeightManadatoryFields -->
  <testcase classname="com.nitara.CattleRegistration.RegisterHeiferCattle" name="heiferMaximumAge" time="0.0">
    <ignored/>
  </testcase> <!-- heiferMaximumAge -->
  <testcase classname="com.nitara.CattleRegistration.RegisterHeiferCattle" name="heiferTagNumberAlreadyExists" time="0.0">
    <ignored/>
  </testcase> <!-- heiferTagNumberAlreadyExists -->
  <testcase classname="com.nitara.CattleRegistration.RegisterBullCattle" name="Registerwithlessthan6monthsofage" time="0.0">
    <ignored/>
  </testcase> <!-- Registerwithlessthan6monthsofage -->
  <testcase classname="com.nitara.VaccinationManagement.AddVaccination" name="addVaccinationFMD_BQ_HS_ToCalfLessThanFour" time="0.0">
    <ignored/>
  </testcase> <!-- addVaccinationFMD_BQ_HS_ToCalfLessThanFour -->
  <testcase classname="com.nitara.CattleRegistration.RegisterMilkingOrDryCattle" name="milkingCattleShedGroupDataNotCorrect" time="0.0">
    <ignored/>
  </testcase> <!-- milkingCattleShedGroupDataNotCorrect -->
  <testcase classname="com.nitara.CattleRegistration.RegisterHeiferCattle" name="heiferMandatoryFields" time="0.0">
    <ignored/>
  </testcase> <!-- heiferMandatoryFields -->
  <testcase classname="com.nitara.Treatment.UpdateTreatment" name="addMedicineswithoutDosage" time="0.0">
    <ignored/>
  </testcase> <!-- addMedicineswithoutDosage -->
  <testcase classname="com.nitara.VaccinationManagement.AddVaccination" name="addVaccinationMandatoryFields" time="0.0">
    <ignored/>
  </testcase> <!-- addVaccinationMandatoryFields -->
  <testcase classname="com.nitara.CattleRegistration.RegisterMilkingOrDryCattle" name="milkingCattleTagNumbersExceedLength" time="0.0">
    <ignored/>
  </testcase> <!-- milkingCattleTagNumbersExceedLength -->
  <testcase classname="com.nitara.CattleRegistration.RegisterMilkingOrDryCattle" name="milkingCattleDryActivity" time="0.0">
    <ignored/>
  </testcase> <!-- milkingCattleDryActivity -->
  <testcase classname="com.nitara.HeatManagement.UpdateHeat" name="noHeatActivity" time="0.0">
    <ignored/>
  </testcase> <!-- noHeatActivity -->
  <testcase classname="com.nitara.WeightManagement.UpdateWeight" name="updateWeightMinWeight" time="0.0">
    <ignored/>
  </testcase> <!-- updateWeightMinWeight -->
  <testcase classname="com.nitara.CattleRegistration.RegisterMilkingOrDryCattle" name="milkingCattleDryPeriodBeforeCalving" time="0.0">
    <ignored/>
  </testcase> <!-- milkingCattleDryPeriodBeforeCalving -->
  <testcase classname="com.nitara.CattleRegistration.RegisterCalfCattle" name="Registerwithoutphotos" time="0.0">
    <ignored/>
  </testcase> <!-- Registerwithoutphotos -->
  <testcase classname="com.nitara.InseminationManagement.AddInsemination" name="addNewInseminationDataAfterPregnantPDResult" time="0.0">
    <ignored/>
  </testcase> <!-- addNewInseminationDataAfterPregnantPDResult -->
  <testcase classname="com.nitara.Treatment.UpdateTreatment" name="treatmentDoesNotExist" time="0.0">
    <ignored/>
  </testcase> <!-- treatmentDoesNotExist -->
  <testcase classname="com.nitara.InseminationManagement.AddInseminationByServiceProvider" name="AddInseminationBeforeLastHeat" time="0.0">
    <ignored/>
  </testcase> <!-- AddInseminationBeforeLastHeat -->
  <testcase classname="com.nitara.PDManagement.AddPD" name="addPDwithFutureDate" time="0.0">
    <ignored/>
  </testcase> <!-- addPDwithFutureDate -->
  <testcase classname="com.nitara.Treatment.AddTreatment" name="followUpAfterRequired" time="0.0">
    <ignored/>
  </testcase> <!-- followUpAfterRequired -->
  <testcase classname="com.nitara.WeightManagement.AddWeightDirect" name="AddTwoWeightsOnSameDay" time="0.0">
    <ignored/>
  </testcase> <!-- AddTwoWeightsOnSameDay -->
  <testcase classname="com.nitara.CattleRegistration.RegisterBullCattle" name="registerwithemptytagnumbers" time="0.0">
    <ignored/>
  </testcase> <!-- registerwithemptytagnumbers -->
</testsuite> <!-- Smoke Testcases -->
