<?xml version="1.0" encoding="UTF-8"?>
<!-- Generated by org.testng.reporters.JUnitXMLReporter -->
<testsuite ignored="0" hostname="DESKTOP-OB1OE1J" failures="0" tests="2" name="Smoke Testcases(failed)(failed)" time="76.856" errors="0" timestamp="2021-07-23T08:03:33 IST">
  <testcase classname="com.nitara.MasterData.GetCattleTypeMaster" name="GetCattleTypeMasterInEnglish" time="0.437"/>
  <testcase classname="com.nitara.MasterData.GetCattleAgeTypeMasterData" name="GetCattleAgeTypeMasterDataInEnglish" time="0.117"/>
</testsuite> <!-- Smoke Testcases(failed)(failed) -->
