<?xml version="1.0" encoding="UTF-8"?>
<!-- Generated by org.testng.reporters.JUnitXMLReporter -->
<testsuite ignored="19" hostname="DESKTOP-OB1OE1J" failures="1" tests="110" name="Regression 1" time="101.625" errors="0" timestamp="2021-08-05T21:48:40 IST">
  <testcase classname="com.nitara.UserRegistration.UserRegistration" name="passwordnConfirmPasswordDoNotMatch" time="0.919"/>
  <testcase classname="com.nitara.UserRegistration.UserRegistration" name="registerUserAlreadyRegistered" time="0.261"/>
  <testcase classname="com.nitara.UserRegistration.UserRegistration" name="registerUserExceedLengthPhonenName" time="0.15"/>
  <testcase classname="com.nitara.UserRegistration.UserRegistration" name="registerUserMandatoryFields" time="0.158"/>
  <testcase classname="com.nitara.UserRegistration.UserRegistration" name="setPasswordExceedLength" time="0.158"/>
  <testcase classname="com.nitara.UserRegistration.UserRegistration" name="setPasswordMandatoryFields" time="0.144"/>
  <testcase classname="com.nitara.UserRegistration.UserRegistration" name="setPasswordMinimumLength" time="0.18"/>
  <testcase classname="com.nitara.UserLogin.LoginReg" name="changePasswordExceedLength" time="0.442"/>
  <testcase classname="com.nitara.UserLogin.LoginReg" name="changePasswordIncorrectOldPassword" time="0.372"/>
  <testcase classname="com.nitara.UserLogin.LoginReg" name="changePasswordMinimumLength" time="0.283"/>
  <testcase classname="com.nitara.UserLogin.LoginReg" name="forgotPasswordBlankFields" time="0.092"/>
  <testcase classname="com.nitara.UserLogin.LoginReg" name="forgotPasswordExceedLength" time="0.104"/>
  <testcase classname="com.nitara.UserLogin.LoginReg" name="forgotPasswordInvalidPhone" time="0.195"/>
  <testcase classname="com.nitara.UserLogin.LoginReg" name="forgotPasswordMinimumLength" time="0.147"/>
  <testcase classname="com.nitara.UserLogin.LoginReg" name="generateOtpwithInvalidUsername" time="0.16"/>
  <testcase classname="com.nitara.UserLogin.LoginReg" name="loginwithBlankCredentials" time="0.172"/>
  <testcase classname="com.nitara.UserLogin.LoginReg" name="loginwithInvalidPassword" time="0.61"/>
  <testcase classname="com.nitara.UserLogin.LoginReg" name="newPasswordSameAsExisting" time="0.424"/>
  <testcase classname="com.nitara.UserLogin.LoginReg" name="newPasswordnConfirmNewPasswordDoNotMatch" time="0.273"/>
  <testcase classname="com.nitara.UserLogin.LoginReg" name="otpLoginwithInvalidOtp" time="0.115"/>
  <testcase classname="com.nitara.UserLogin.LoginReg" name="otpLoginwithInvalidPhone" time="0.119"/>
  <testcase classname="com.nitara.UserLogin.LoginReg" name="passwordnConfirmPasswordDoNotMatch" time="0.106"/>
  <testcase classname="com.nitara.CattleRegistration.RegisterHeiferCattle" name="heiferCoopTagNumbersAlreadyExist" time="0.909"/>
  <testcase classname="com.nitara.CattleRegistration.RegisterHeiferCattle" name="heiferInseminationMinimumAge" time="0.559"/>
  <testcase classname="com.nitara.CattleRegistration.RegisterHeiferCattle" name="heiferMandatoryFields" time="0.639"/>
  <testcase classname="com.nitara.CattleRegistration.RegisterHeiferCattle" name="heiferMaximumAge" time="0.433"/>
  <testcase classname="com.nitara.CattleRegistration.RegisterHeiferCattle" name="heiferPDActivity" time="0.898"/>
  <testcase classname="com.nitara.CattleRegistration.RegisterHeiferCattle" name="heiferShedGroupDataNotCorrect" time="0.607"/>
  <testcase classname="com.nitara.CattleRegistration.RegisterHeiferCattle" name="heiferTagNumberAlreadyExists" time="0.657"/>
  <testcase classname="com.nitara.CattleRegistration.RegisterHeiferCattle" name="heiferTagNumbersExceedLength" time="0.544"/>
  <testcase classname="com.nitara.CattleRegistration.RegisterHeiferCattle" name="heiferYearOfBirthFutureDate" time="0.516"/>
  <testcase classname="com.nitara.CattleRegistration.RegisterHeiferCattle" name="registerHeiferCattle" time="0.321"/>
  <testcase classname="com.nitara.CattleRegistration.RegisterCalfCattle" name="Cooperativenumbershouldbe12digits" time="0.338"/>
  <testcase classname="com.nitara.CattleRegistration.RegisterCalfCattle" name="Registerwithduplicatecotagnumber" time="0.306"/>
  <testcase classname="com.nitara.CattleRegistration.RegisterCalfCattle" name="Registerwithduplicatetagnumber" time="0.491"/>
  <testcase classname="com.nitara.CattleRegistration.RegisterCalfCattle" name="Registerwithemptytagnumber" time="0.332"/>
  <testcase classname="com.nitara.CattleRegistration.RegisterCalfCattle" name="Registerwithfutureyearofbirth" time="0.39"/>
  <testcase classname="com.nitara.CattleRegistration.RegisterCalfCattle" name="Registerwithlessthan6monthsofage" time="0.355"/>
  <testcase classname="com.nitara.CattleRegistration.RegisterCalfCattle" name="Registerwithmorethan25yearsofage" time="0.479"/>
  <testcase classname="com.nitara.CattleRegistration.RegisterCalfCattle" name="Registerwithoutphotos" time="0.426"/>
  <testcase classname="com.nitara.CattleRegistration.RegisterCalfCattle" name="Registerwithoutyearofbirth" time="0.414"/>
  <testcase classname="com.nitara.CattleRegistration.RegisterMilkingOrDryCattle" name="inseminationWithin15DaysofCalving" time="0.633"/>
  <testcase classname="com.nitara.CattleRegistration.RegisterMilkingOrDryCattle" name="milkingCattleCalvingFutureDate" time="0.0"/>
  <testcase classname="com.nitara.CattleRegistration.RegisterMilkingOrDryCattle" name="milkingCattleCoopTagNumbersAlreadyExist" time="0.535"/>
  <testcase classname="com.nitara.CattleRegistration.RegisterMilkingOrDryCattle" name="milkingCattleDryActivity" time="4.135"/>
  <testcase classname="com.nitara.CattleRegistration.RegisterMilkingOrDryCattle" name="milkingCattleDryPeriodBeforeCalving" time="0.568"/>
  <testcase classname="com.nitara.CattleRegistration.RegisterMilkingOrDryCattle" name="milkingCattleMandatoryFields" time="0.464"/>
  <testcase classname="com.nitara.CattleRegistration.RegisterMilkingOrDryCattle" name="milkingCattleMaximumAge" time="0.586"/>
  <testcase classname="com.nitara.CattleRegistration.RegisterMilkingOrDryCattle" name="milkingCattleMinimumAge" time="0.625"/>
  <testcase classname="com.nitara.CattleRegistration.RegisterMilkingOrDryCattle" name="milkingCattlePDActivity" time="3.625"/>
  <testcase classname="com.nitara.CattleRegistration.RegisterMilkingOrDryCattle" name="milkingCattleShedGroupDataNotCorrect" time="0.433"/>
  <testcase classname="com.nitara.CattleRegistration.RegisterMilkingOrDryCattle" name="milkingCattleTagNumbersAlreadyExist" time="0.535"/>
  <testcase classname="com.nitara.CattleRegistration.RegisterMilkingOrDryCattle" name="milkingCattleTagNumbersExceedLength" time="0.473"/>
  <testcase classname="com.nitara.CattleRegistration.RegisterMilkingOrDryCattle" name="milkingCattleYearOfBirthFutureDate" time="0.551"/>
  <testcase classname="com.nitara.CattleRegistration.RegisterMilkingOrDryCattle" name="registerMilkingOrDryCattle" time="0.63"/>
  <testcase classname="com.nitara.WeightManagement.AddWeightDirect" name="AddTwoWeightsOnSameDay" time="1.256"/>
  <testcase classname="com.nitara.WeightManagement.AddWeightDirect" name="AddWeightDirectBeforePreviouslyAddedDate" time="1.181"/>
  <testcase classname="com.nitara.WeightManagement.AddWeightDirect" name="AddWeightDirectConsecutiveDatesError" time="1.107"/>
  <testcase classname="com.nitara.WeightManagement.AddWeightDirect" name="AddWeightDirectMaxiWeight" time="0.316"/>
  <testcase classname="com.nitara.WeightManagement.AddWeightDirect" name="AddWeightDirectMinWeight" time="0.525"/>
  <testcase classname="com.nitara.WeightManagement.AddWeightByGirth" name="AddTwoWeightsOnSameDay" time="0.9"/>
  <testcase classname="com.nitara.WeightManagement.AddWeightByGirth" name="AddWeightByGirthBeforePreviouslyAddedDate" time="1.04"/>
  <testcase classname="com.nitara.WeightManagement.AddWeightByGirth" name="AddWeightByGirthConsecutiveDatesError" time="1.164"/>
  <testcase classname="com.nitara.WeightManagement.AddWeightByGirth" name="AddWeightGirthMaxiWeight" time="0.48"/>
  <testcase classname="com.nitara.WeightManagement.AddWeightByGirth" name="AddWeightGirthMinWeight" time="0.148"/>
  <testcase classname="com.nitara.WeightManagement.UpdateWeight" name="updateWeightBeforePreviouslyAddedDate" time="1.183"/>
  <testcase classname="com.nitara.WeightManagement.UpdateWeight" name="updateWeightMaxiWeight" time="1.573"/>
  <testcase classname="com.nitara.WeightManagement.UpdateWeight" name="updateWeightMinWeight" time="1.11"/>
  <testcase classname="com.nitara.WeightManagement.UpdateWeight" name="updateWeightNoWeightLogs" time="0.584"/>
  <testcase classname="com.nitara.WeightManagement.UpdateWeight" name="updateWeightToPreviouslyAddedDate" time="1.136"/>
  <testcase classname="com.nitara.WeightManagement.DeleteWeight" name="deleteWeightNoWeightLogs" time="0.66"/>
  <testcase classname="com.nitara.Treatment.AddTreatment" name="addMedicineswithoutDosage" time="0.295"/>
  <testcase classname="com.nitara.Treatment.AddTreatment" name="addTreatment" time="0.709"/>
  <testcase classname="com.nitara.Treatment.AddTreatment" name="addTreatmentFutureDate" time="0.512"/>
  <testcase classname="com.nitara.Treatment.AddTreatment" name="addTreatmentMandatoryField" time="0.313"/>
  <testcase classname="com.nitara.Treatment.AddTreatment" name="followUpAfterRequired" time="1.007"/>
  <testcase classname="com.nitara.Treatment.DeleteTreatment" name="deleteTreatmentTwice" time="1.293"/>
  <testcase classname="com.nitara.Treatment.DeleteTreatment" name="treatmentdoesntExist" time="0.695"/>
  <testcase classname="com.nitara.Treatment.UpdateTreatment" name="addMedicineswithoutDosage" time="1.172"/>
  <testcase classname="com.nitara.Treatment.UpdateTreatment" name="followUpAfterRequired" time="1.142"/>
  <testcase classname="com.nitara.Treatment.UpdateTreatment" name="treatmentDoesNotExist" time="0.526"/>
  <testcase classname="com.nitara.Treatment.UpdateTreatment" name="updateTreatmentFutureDate" time="0.999"/>
  <testcase classname="com.nitara.VaccinationManagement.AddVaccination" name="addVaccination" time="0.314"/>
  <testcase classname="com.nitara.VaccinationManagement.AddVaccination" name="addVaccinationFutureDate" time="0.147"/>
  <testcase classname="com.nitara.VaccinationManagement.AddVaccination" name="addVaccinationMandatoryFields" time="0.158"/>
  <testcase classname="com.nitara.VaccinationManagement.UpdateVaccination" name="updateVaccinationFutureDate" time="0.595"/>
  <testcase classname="com.nitara.VaccinationManagement.UpdateVaccination" name="updateVaccinationMandatoryFields" time="0.357"/>
  <testcase classname="com.nitara.VaccinationManagement.DeleteVaccination" name="deleteVaccination" time="0.3"/>
  <testcase classname="com.nitara.CattleManagement.AddInsurance" name="addInsuranceMandatoryFields" time="0.108"/>
  <testcase classname="com.nitara.BCSManagement.BCS" name="AddBcsDetailsWithin15days" time="0.695">
    <failure type="java.lang.AssertionError" message="expected [400] but found [200]">
      <![CDATA[java.lang.AssertionError: expected [400] but found [200]
at com.nitara.BCSManagement.BCS.AddBcsDetailsWithin15days(BCS.java:95)
at java.base/java.util.ArrayList.forEach(ArrayList.java:1511)
... Removed 33 stack frames]]>
    </failure>
  </testcase> <!-- AddBcsDetailsWithin15days -->
  <testcase classname="com.nitara.BCSManagement.BCS" name="AddBcsForFutureDate" time="0.186"/>
  <testcase classname="com.nitara.BCSManagement.BCS" name="BcsGreaterthan5" time="0.416"/>
  <testcase classname="com.nitara.BCSManagement.BCS" name="BcsLessthan1" time="0.148"/>
  <testcase classname="com.nitara.BCSManagement.BCS" name="EmptyFields" time="0.352"/>
  <testcase classname="com.nitara.HeatManagement.AddHeat" name="AddHeatDataWithFutureDate" time="0.129"/>
  <testcase classname="com.nitara.HeatManagement.AddHeat" name="addNewHeatDataAfterPregnantPDResult" time="1.527"/>
  <testcase classname="com.nitara.HeatManagement.AddHeat" name="addNewHeatDataWithin14DaysofHeat" time="0.967"/>
  <testcase classname="com.nitara.HeatManagement.AddHeat" name="addNewHeatDataWithin15DaysofCalving" time="1.803"/>
  <testcase classname="com.nitara.HeatManagement.DeleteHeat" name="noHeatActivityToDelete" time="1.143"/>
  <testcase classname="com.nitara.HeatManagement.UpdateHeat" name="noHeatActivity" time="0.985"/>
  <testcase classname="com.nitara.HeatManagement.UpdateHeat" name="updateHeatwithFutureDate" time="2.22"/>
  <testcase classname="com.nitara.PDManagement.AddPD" name="addPDwithFutureDate" time="0.212"/>
  <testcase classname="com.nitara.PDManagement.AddPD" name="addPDwithin21DaysofInsemination" time="1.265"/>
  <testcase classname="com.nitara.PDManagement.DeletePD" name="deletePDwhenOtherBreedingActivitiesareAdded" time="0.93"/>
  <testcase classname="com.nitara.PDManagement.UpdatePD" name="updatePDwhenNoPDavailable" time="0.909"/>
  <testcase classname="com.nitara.PDManagement.UpdatePD" name="updatePDwithFutureDate" time="0.301"/>
  <testcase classname="com.nitara.InseminationManagement.AddInsemination" name="AddInseminationBeforeLastHeat" time="1.37"/>
  <testcase classname="com.nitara.InseminationManagement.AddInsemination" name="AddInseminationwithFutureDate" time="0.104"/>
  <testcase classname="com.nitara.InseminationManagement.AddInsemination" name="addIseminationDataWithin15DaysofCalving" time="1.85"/>
  <testcase classname="com.nitara.InseminationManagement.AddInsemination" name="addNewInseminationDataAfterPregnantPDResult" time="1.743"/>
  <testcase classname="com.nitara.VaccinationManagement.ViewVaccinationData" name="viewVaccinationData" time="0.0">
    <ignored/>
  </testcase> <!-- viewVaccinationData -->
  <testcase classname="com.nitara.WeightManagement.AddWeightByGirth" name="AddWeightGirth" time="0.0">
    <ignored/>
  </testcase> <!-- AddWeightGirth -->
  <testcase classname="com.nitara.InseminationManagement.AddInsemination" name="AddInseminationData" time="0.0">
    <ignored/>
  </testcase> <!-- AddInseminationData -->
  <testcase classname="com.nitara.Treatment.DeleteTreatment" name="deleteTreatment" time="0.0">
    <ignored/>
  </testcase> <!-- deleteTreatment -->
  <testcase classname="com.nitara.VaccinationManagement.UpdateVaccination" name="updateVaccination" time="0.0">
    <ignored/>
  </testcase> <!-- updateVaccination -->
  <testcase classname="com.nitara.CattleRegistration.RegisterCalfCattle" name="registerCalfCattle" time="0.0">
    <ignored/>
  </testcase> <!-- registerCalfCattle -->
  <testcase classname="com.nitara.WeightManagement.DeleteWeight" name="deleteWeight" time="0.0">
    <ignored/>
  </testcase> <!-- deleteWeight -->
  <testcase classname="com.nitara.Treatment.UpdateTreatment" name="updateTreatment" time="0.0">
    <ignored/>
  </testcase> <!-- updateTreatment -->
  <testcase classname="com.nitara.HeatManagement.DeleteHeat" name="deleteHeat" time="0.0">
    <ignored/>
  </testcase> <!-- deleteHeat -->
  <testcase classname="com.nitara.PDManagement.AddPD" name="addPD" time="0.0">
    <ignored/>
  </testcase> <!-- addPD -->
  <testcase classname="com.nitara.WeightManagement.AddWeightDirect" name="addWeightDirect" time="0.0">
    <ignored/>
  </testcase> <!-- addWeightDirect -->
  <testcase classname="com.nitara.WeightManagement.UpdateWeight" name="updateWeight" time="0.0">
    <ignored/>
  </testcase> <!-- updateWeight -->
  <testcase classname="com.nitara.HeatManagement.UpdateHeat" name="updateHeat" time="0.0">
    <ignored/>
  </testcase> <!-- updateHeat -->
  <testcase classname="com.nitara.HeatManagement.AddHeat" name="AddHeatData" time="0.0">
    <ignored/>
  </testcase> <!-- AddHeatData -->
  <testcase classname="com.nitara.PDManagement.DeletePD" name="deletePD" time="0.0">
    <ignored/>
  </testcase> <!-- deletePD -->
  <testcase classname="com.nitara.PDManagement.UpdatePD" name="updatePD" time="0.0">
    <ignored/>
  </testcase> <!-- updatePD -->
  <testcase classname="com.nitara.CattleManagement.AddInsurance" name="addInsurance" time="0.0">
    <ignored/>
  </testcase> <!-- addInsurance -->
  <testcase classname="com.nitara.Treatment.ViewTreatmentData" name="viewTreatmentData" time="0.0">
    <ignored/>
  </testcase> <!-- viewTreatmentData -->
  <testcase classname="com.nitara.CattleManagement.ViewInsuranceData" name="viewInsuranceData" time="0.0">
    <ignored/>
  </testcase> <!-- viewInsuranceData -->
</testsuite> <!-- Regression 1 -->
